C:\GSL-1.14\BUILD.VC10\DLL\WIN32\DEBUG\GSL_D.DLL
C:\gsl-1.14\build.vc10\dll\Win32\Debug\gsl_d.exp
C:\gsl-1.14\build.vc10\dll\Win32\Debug\gsl_d.lib
C:\GSL-1.14\BUILD.VC10\DLL\WIN32\DEBUG\GSL_D.PDB
C:\GSL-1.14\BUILD.VC10\GSLDLL\WIN32\DEBUG\BLAS\BLAS.OBJ
C:\GSL-1.14\BUILD.VC10\GSLDLL\WIN32\DEBUG\BLOCK\BLOCK.OBJ
C:\GSL-1.14\BUILD.VC10\GSLDLL\WIN32\DEBUG\BLOCK\FILE.OBJ
C:\GSL-1.14\BUILD.VC10\GSLDLL\WIN32\DEBUG\BLOCK\INIT.OBJ
C:\GSL-1.14\BUILD.VC10\GSLDLL\WIN32\DEBUG\BSPLINE\BSPLINE.OBJ
C:\GSL-1.14\BUILD.VC10\GSLDLL\WIN32\DEBUG\CDF\BETA.OBJ
C:\GSL-1.14\BUILD.VC10\GSLDLL\WIN32\DEBUG\CDF\BETAINV.OBJ
C:\GSL-1.14\BUILD.VC10\GSLDLL\WIN32\DEBUG\CDF\BINOMIAL.OBJ
C:\GSL-1.14\BUILD.VC10\GSLDLL\WIN32\DEBUG\CDF\CAUCHY.OBJ
C:\GSL-1.14\BUILD.VC10\GSLDLL\WIN32\DEBUG\CDF\CAUCHYINV.OBJ
C:\GSL-1.14\BUILD.VC10\GSLDLL\WIN32\DEBUG\CDF\CHISQ.OBJ
C:\GSL-1.14\BUILD.VC10\GSLDLL\WIN32\DEBUG\CDF\CHISQINV.OBJ
C:\GSL-1.14\BUILD.VC10\GSLDLL\WIN32\DEBUG\CDF\EXPONENTIAL.OBJ
C:\GSL-1.14\BUILD.VC10\GSLDLL\WIN32\DEBUG\CDF\EXPONENTIALINV.OBJ
C:\GSL-1.14\BUILD.VC10\GSLDLL\WIN32\DEBUG\CDF\EXPPOW.OBJ
C:\GSL-1.14\BUILD.VC10\GSLDLL\WIN32\DEBUG\CDF\FDIST.OBJ
C:\GSL-1.14\BUILD.VC10\GSLDLL\WIN32\DEBUG\CDF\FDISTINV.OBJ
C:\GSL-1.14\BUILD.VC10\GSLDLL\WIN32\DEBUG\CDF\FLAT.OBJ
C:\GSL-1.14\BUILD.VC10\GSLDLL\WIN32\DEBUG\CDF\FLATINV.OBJ
C:\GSL-1.14\BUILD.VC10\GSLDLL\WIN32\DEBUG\CDF\GAMMA.OBJ
C:\GSL-1.14\BUILD.VC10\GSLDLL\WIN32\DEBUG\CDF\GAMMAINV.OBJ
C:\GSL-1.14\BUILD.VC10\GSLDLL\WIN32\DEBUG\CDF\GAUSS.OBJ
C:\GSL-1.14\BUILD.VC10\GSLDLL\WIN32\DEBUG\CDF\GAUSSINV.OBJ
C:\GSL-1.14\BUILD.VC10\GSLDLL\WIN32\DEBUG\CDF\GEOMETRIC.OBJ
C:\GSL-1.14\BUILD.VC10\GSLDLL\WIN32\DEBUG\CDF\GUMBEL1.OBJ
C:\GSL-1.14\BUILD.VC10\GSLDLL\WIN32\DEBUG\CDF\GUMBEL1INV.OBJ
C:\GSL-1.14\BUILD.VC10\GSLDLL\WIN32\DEBUG\CDF\GUMBEL2.OBJ
C:\GSL-1.14\BUILD.VC10\GSLDLL\WIN32\DEBUG\CDF\GUMBEL2INV.OBJ
C:\GSL-1.14\BUILD.VC10\GSLDLL\WIN32\DEBUG\CDF\HYPERGEOMETRIC.OBJ
C:\GSL-1.14\BUILD.VC10\GSLDLL\WIN32\DEBUG\CDF\LAPLACE.OBJ
C:\GSL-1.14\BUILD.VC10\GSLDLL\WIN32\DEBUG\CDF\LAPLACEINV.OBJ
C:\GSL-1.14\BUILD.VC10\GSLDLL\WIN32\DEBUG\CDF\LOGISTIC.OBJ
C:\GSL-1.14\BUILD.VC10\GSLDLL\WIN32\DEBUG\CDF\LOGISTICINV.OBJ
C:\GSL-1.14\BUILD.VC10\GSLDLL\WIN32\DEBUG\CDF\LOGNORMAL.OBJ
C:\GSL-1.14\BUILD.VC10\GSLDLL\WIN32\DEBUG\CDF\LOGNORMALINV.OBJ
C:\GSL-1.14\BUILD.VC10\GSLDLL\WIN32\DEBUG\CDF\NBINOMIAL.OBJ
C:\GSL-1.14\BUILD.VC10\GSLDLL\WIN32\DEBUG\CDF\PARETO.OBJ
C:\GSL-1.14\BUILD.VC10\GSLDLL\WIN32\DEBUG\CDF\PARETOINV.OBJ
C:\GSL-1.14\BUILD.VC10\GSLDLL\WIN32\DEBUG\CDF\PASCAL.OBJ
C:\GSL-1.14\BUILD.VC10\GSLDLL\WIN32\DEBUG\CDF\POISSON.OBJ
C:\GSL-1.14\BUILD.VC10\GSLDLL\WIN32\DEBUG\CDF\RAYLEIGH.OBJ
C:\GSL-1.14\BUILD.VC10\GSLDLL\WIN32\DEBUG\CDF\RAYLEIGHINV.OBJ
C:\GSL-1.14\BUILD.VC10\GSLDLL\WIN32\DEBUG\CDF\TDIST.OBJ
C:\GSL-1.14\BUILD.VC10\GSLDLL\WIN32\DEBUG\CDF\TDISTINV.OBJ
C:\GSL-1.14\BUILD.VC10\GSLDLL\WIN32\DEBUG\CDF\WEIBULL.OBJ
C:\GSL-1.14\BUILD.VC10\GSLDLL\WIN32\DEBUG\CDF\WEIBULLINV.OBJ
C:\GSL-1.14\BUILD.VC10\GSLDLL\WIN32\DEBUG\CHEB\DERIV.OBJ
C:\GSL-1.14\BUILD.VC10\GSLDLL\WIN32\DEBUG\CHEB\EVAL.OBJ
C:\GSL-1.14\BUILD.VC10\GSLDLL\WIN32\DEBUG\CHEB\INIT.OBJ
C:\GSL-1.14\BUILD.VC10\GSLDLL\WIN32\DEBUG\CHEB\INTEG.OBJ
C:\gsl-1.14\build.vc10\gsldll\Win32\Debug\cl.command.1.tlog
C:\gsl-1.14\build.vc10\gsldll\Win32\Debug\CL.read.1.tlog
C:\gsl-1.14\build.vc10\gsldll\Win32\Debug\CL.write.1.tlog
C:\GSL-1.14\BUILD.VC10\GSLDLL\WIN32\DEBUG\COMBINATION\COMBINATION.OBJ
C:\GSL-1.14\BUILD.VC10\GSLDLL\WIN32\DEBUG\COMBINATION\FILE.OBJ
C:\GSL-1.14\BUILD.VC10\GSLDLL\WIN32\DEBUG\COMBINATION\INIT.OBJ
C:\GSL-1.14\BUILD.VC10\GSLDLL\WIN32\DEBUG\COMPLEX\MATH.OBJ
C:\GSL-1.14\BUILD.VC10\GSLDLL\WIN32\DEBUG\DERIV.OBJ
C:\GSL-1.14\BUILD.VC10\GSLDLL\WIN32\DEBUG\DERIV\DERIV.OBJ
C:\GSL-1.14\BUILD.VC10\GSLDLL\WIN32\DEBUG\DHT\DHT.OBJ
C:\GSL-1.14\BUILD.VC10\GSLDLL\WIN32\DEBUG\DIFF\DIFF.OBJ
C:\GSL-1.14\BUILD.VC10\GSLDLL\WIN32\DEBUG\EIGEN\FRANCIS.OBJ
C:\GSL-1.14\BUILD.VC10\GSLDLL\WIN32\DEBUG\EIGEN\GEN.OBJ
C:\GSL-1.14\BUILD.VC10\GSLDLL\WIN32\DEBUG\EIGEN\GENHERM.OBJ
C:\GSL-1.14\BUILD.VC10\GSLDLL\WIN32\DEBUG\EIGEN\GENHERMV.OBJ
C:\GSL-1.14\BUILD.VC10\GSLDLL\WIN32\DEBUG\EIGEN\GENSYMM.OBJ
C:\GSL-1.14\BUILD.VC10\GSLDLL\WIN32\DEBUG\EIGEN\GENSYMMV.OBJ
C:\GSL-1.14\BUILD.VC10\GSLDLL\WIN32\DEBUG\EIGEN\GENV.OBJ
C:\GSL-1.14\BUILD.VC10\GSLDLL\WIN32\DEBUG\EIGEN\HERM.OBJ
C:\GSL-1.14\BUILD.VC10\GSLDLL\WIN32\DEBUG\EIGEN\HERMV.OBJ
C:\GSL-1.14\BUILD.VC10\GSLDLL\WIN32\DEBUG\EIGEN\JACOBI.OBJ
C:\GSL-1.14\BUILD.VC10\GSLDLL\WIN32\DEBUG\EIGEN\NONSYMM.OBJ
C:\GSL-1.14\BUILD.VC10\GSLDLL\WIN32\DEBUG\EIGEN\NONSYMMV.OBJ
C:\GSL-1.14\BUILD.VC10\GSLDLL\WIN32\DEBUG\EIGEN\SCHUR.OBJ
C:\GSL-1.14\BUILD.VC10\GSLDLL\WIN32\DEBUG\EIGEN\SORT.OBJ
C:\GSL-1.14\BUILD.VC10\GSLDLL\WIN32\DEBUG\EIGEN\SYMM.OBJ
C:\GSL-1.14\BUILD.VC10\GSLDLL\WIN32\DEBUG\EIGEN\SYMMV.OBJ
C:\GSL-1.14\BUILD.VC10\GSLDLL\WIN32\DEBUG\ERR\ERROR.OBJ
C:\GSL-1.14\BUILD.VC10\GSLDLL\WIN32\DEBUG\ERR\MESSAGE.OBJ
C:\GSL-1.14\BUILD.VC10\GSLDLL\WIN32\DEBUG\ERR\STREAM.OBJ
C:\GSL-1.14\BUILD.VC10\GSLDLL\WIN32\DEBUG\ERR\STRERROR.OBJ
C:\GSL-1.14\BUILD.VC10\GSLDLL\WIN32\DEBUG\FFT\DFT.OBJ
C:\GSL-1.14\BUILD.VC10\GSLDLL\WIN32\DEBUG\FFT\FFT.OBJ
C:\GSL-1.14\BUILD.VC10\GSLDLL\WIN32\DEBUG\FIT\LINEAR.OBJ
C:\GSL-1.14\BUILD.VC10\GSLDLL\WIN32\DEBUG\GLFIXED.OBJ
C:\GSL-1.14\BUILD.VC10\GSLDLL\WIN32\DEBUG\GSL\VERSION.OBJ
C:\GSL-1.14\BUILD.VC10\GSLDLL\WIN32\DEBUG\GSL_D.DLL.INTERMEDIATE.MANIFEST
C:\gsl-1.14\build.vc10\gsldll\Win32\Debug\gsldll.write.1.tlog
C:\GSL-1.14\BUILD.VC10\GSLDLL\WIN32\DEBUG\HALTON.OBJ
C:\GSL-1.14\BUILD.VC10\GSLDLL\WIN32\DEBUG\HISTOGRAM\ADD.OBJ
C:\GSL-1.14\BUILD.VC10\GSLDLL\WIN32\DEBUG\HISTOGRAM\ADD2D.OBJ
C:\GSL-1.14\BUILD.VC10\GSLDLL\WIN32\DEBUG\HISTOGRAM\CALLOC_RANGE.OBJ
C:\GSL-1.14\BUILD.VC10\GSLDLL\WIN32\DEBUG\HISTOGRAM\CALLOC_RANGE2D.OBJ
C:\GSL-1.14\BUILD.VC10\GSLDLL\WIN32\DEBUG\HISTOGRAM\COPY.OBJ
C:\GSL-1.14\BUILD.VC10\GSLDLL\WIN32\DEBUG\HISTOGRAM\COPY2D.OBJ
C:\GSL-1.14\BUILD.VC10\GSLDLL\WIN32\DEBUG\HISTOGRAM\FILE.OBJ
C:\GSL-1.14\BUILD.VC10\GSLDLL\WIN32\DEBUG\HISTOGRAM\FILE2D.OBJ
C:\GSL-1.14\BUILD.VC10\GSLDLL\WIN32\DEBUG\HISTOGRAM\GET.OBJ
C:\GSL-1.14\BUILD.VC10\GSLDLL\WIN32\DEBUG\HISTOGRAM\GET2D.OBJ
C:\GSL-1.14\BUILD.VC10\GSLDLL\WIN32\DEBUG\HISTOGRAM\INIT.OBJ
C:\GSL-1.14\BUILD.VC10\GSLDLL\WIN32\DEBUG\HISTOGRAM\INIT2D.OBJ
C:\GSL-1.14\BUILD.VC10\GSLDLL\WIN32\DEBUG\HISTOGRAM\MAXVAL.OBJ
C:\GSL-1.14\BUILD.VC10\GSLDLL\WIN32\DEBUG\HISTOGRAM\MAXVAL2D.OBJ
C:\GSL-1.14\BUILD.VC10\GSLDLL\WIN32\DEBUG\HISTOGRAM\OPER.OBJ
C:\GSL-1.14\BUILD.VC10\GSLDLL\WIN32\DEBUG\HISTOGRAM\OPER2D.OBJ
C:\GSL-1.14\BUILD.VC10\GSLDLL\WIN32\DEBUG\HISTOGRAM\PARAMS.OBJ
C:\GSL-1.14\BUILD.VC10\GSLDLL\WIN32\DEBUG\HISTOGRAM\PARAMS2D.OBJ
C:\GSL-1.14\BUILD.VC10\GSLDLL\WIN32\DEBUG\HISTOGRAM\PDF.OBJ
C:\GSL-1.14\BUILD.VC10\GSLDLL\WIN32\DEBUG\HISTOGRAM\PDF2D.OBJ
C:\GSL-1.14\BUILD.VC10\GSLDLL\WIN32\DEBUG\HISTOGRAM\RESET.OBJ
C:\GSL-1.14\BUILD.VC10\GSLDLL\WIN32\DEBUG\HISTOGRAM\RESET2D.OBJ
C:\GSL-1.14\BUILD.VC10\GSLDLL\WIN32\DEBUG\HISTOGRAM\STAT.OBJ
C:\GSL-1.14\BUILD.VC10\GSLDLL\WIN32\DEBUG\HISTOGRAM\STAT2D.OBJ
C:\GSL-1.14\BUILD.VC10\GSLDLL\WIN32\DEBUG\IEEEUTILS\ENV.OBJ
C:\GSL-1.14\BUILD.VC10\GSLDLL\WIN32\DEBUG\IEEEUTILS\FP-WIN.OBJ
C:\GSL-1.14\BUILD.VC10\GSLDLL\WIN32\DEBUG\IEEEUTILS\MAKE_REP.OBJ
C:\GSL-1.14\BUILD.VC10\GSLDLL\WIN32\DEBUG\IEEEUTILS\PRINT.OBJ
C:\GSL-1.14\BUILD.VC10\GSLDLL\WIN32\DEBUG\INTEGRATION\QAG.OBJ
C:\GSL-1.14\BUILD.VC10\GSLDLL\WIN32\DEBUG\INTEGRATION\QAGP.OBJ
C:\GSL-1.14\BUILD.VC10\GSLDLL\WIN32\DEBUG\INTEGRATION\QAGS.OBJ
C:\GSL-1.14\BUILD.VC10\GSLDLL\WIN32\DEBUG\INTEGRATION\QAWC.OBJ
C:\GSL-1.14\BUILD.VC10\GSLDLL\WIN32\DEBUG\INTEGRATION\QAWF.OBJ
C:\GSL-1.14\BUILD.VC10\GSLDLL\WIN32\DEBUG\INTEGRATION\QAWO.OBJ
C:\GSL-1.14\BUILD.VC10\GSLDLL\WIN32\DEBUG\INTEGRATION\QAWS.OBJ
C:\GSL-1.14\BUILD.VC10\GSLDLL\WIN32\DEBUG\INTEGRATION\QCHEB.OBJ
C:\GSL-1.14\BUILD.VC10\GSLDLL\WIN32\DEBUG\INTEGRATION\QK.OBJ
C:\GSL-1.14\BUILD.VC10\GSLDLL\WIN32\DEBUG\INTEGRATION\QK15.OBJ
C:\GSL-1.14\BUILD.VC10\GSLDLL\WIN32\DEBUG\INTEGRATION\QK21.OBJ
C:\GSL-1.14\BUILD.VC10\GSLDLL\WIN32\DEBUG\INTEGRATION\QK31.OBJ
C:\GSL-1.14\BUILD.VC10\GSLDLL\WIN32\DEBUG\INTEGRATION\QK41.OBJ
C:\GSL-1.14\BUILD.VC10\GSLDLL\WIN32\DEBUG\INTEGRATION\QK51.OBJ
C:\GSL-1.14\BUILD.VC10\GSLDLL\WIN32\DEBUG\INTEGRATION\QK61.OBJ
C:\GSL-1.14\BUILD.VC10\GSLDLL\WIN32\DEBUG\INTEGRATION\QMOMO.OBJ
C:\GSL-1.14\BUILD.VC10\GSLDLL\WIN32\DEBUG\INTEGRATION\QMOMOF.OBJ
C:\GSL-1.14\BUILD.VC10\GSLDLL\WIN32\DEBUG\INTEGRATION\QNG.OBJ
C:\GSL-1.14\BUILD.VC10\GSLDLL\WIN32\DEBUG\INTEGRATION\WORKSPACE.OBJ
C:\GSL-1.14\BUILD.VC10\GSLDLL\WIN32\DEBUG\INTERPOLATION\ACCEL.OBJ
C:\GSL-1.14\BUILD.VC10\GSLDLL\WIN32\DEBUG\INTERPOLATION\AKIMA.OBJ
C:\GSL-1.14\BUILD.VC10\GSLDLL\WIN32\DEBUG\INTERPOLATION\CSPLINE.OBJ
C:\GSL-1.14\BUILD.VC10\GSLDLL\WIN32\DEBUG\INTERPOLATION\INTERP.OBJ
C:\GSL-1.14\BUILD.VC10\GSLDLL\WIN32\DEBUG\INTERPOLATION\LINEAR.OBJ
C:\GSL-1.14\BUILD.VC10\GSLDLL\WIN32\DEBUG\INTERPOLATION\POLY.OBJ
C:\GSL-1.14\BUILD.VC10\GSLDLL\WIN32\DEBUG\INTERPOLATION\SPLINE.OBJ
C:\GSL-1.14\BUILD.VC10\GSLDLL\WIN32\DEBUG\LINALG\BALANCE.OBJ
C:\GSL-1.14\BUILD.VC10\GSLDLL\WIN32\DEBUG\LINALG\BALANCEMAT.OBJ
C:\GSL-1.14\BUILD.VC10\GSLDLL\WIN32\DEBUG\LINALG\BIDIAG.OBJ
C:\GSL-1.14\BUILD.VC10\GSLDLL\WIN32\DEBUG\LINALG\CHOLESKY.OBJ
C:\GSL-1.14\BUILD.VC10\GSLDLL\WIN32\DEBUG\LINALG\CHOLESKYC.OBJ
C:\GSL-1.14\BUILD.VC10\GSLDLL\WIN32\DEBUG\LINALG\EXPONENTIAL.OBJ
C:\GSL-1.14\BUILD.VC10\GSLDLL\WIN32\DEBUG\LINALG\HERMTD.OBJ
C:\GSL-1.14\BUILD.VC10\GSLDLL\WIN32\DEBUG\LINALG\HESSENBERG.OBJ
C:\GSL-1.14\BUILD.VC10\GSLDLL\WIN32\DEBUG\LINALG\HESSTRI.OBJ
C:\GSL-1.14\BUILD.VC10\GSLDLL\WIN32\DEBUG\LINALG\HH.OBJ
C:\GSL-1.14\BUILD.VC10\GSLDLL\WIN32\DEBUG\LINALG\HOUSEHOLDER.OBJ
C:\GSL-1.14\BUILD.VC10\GSLDLL\WIN32\DEBUG\LINALG\HOUSEHOLDERCOMPLEX.OBJ
C:\GSL-1.14\BUILD.VC10\GSLDLL\WIN32\DEBUG\LINALG\LQ.OBJ
C:\GSL-1.14\BUILD.VC10\GSLDLL\WIN32\DEBUG\LINALG\LU.OBJ
C:\GSL-1.14\BUILD.VC10\GSLDLL\WIN32\DEBUG\LINALG\LUC.OBJ
C:\GSL-1.14\BUILD.VC10\GSLDLL\WIN32\DEBUG\LINALG\MULTIPLY.OBJ
C:\GSL-1.14\BUILD.VC10\GSLDLL\WIN32\DEBUG\LINALG\PTLQ.OBJ
C:\GSL-1.14\BUILD.VC10\GSLDLL\WIN32\DEBUG\LINALG\QR.OBJ
C:\GSL-1.14\BUILD.VC10\GSLDLL\WIN32\DEBUG\LINALG\QRPT.OBJ
C:\GSL-1.14\BUILD.VC10\GSLDLL\WIN32\DEBUG\LINALG\SVD.OBJ
C:\GSL-1.14\BUILD.VC10\GSLDLL\WIN32\DEBUG\LINALG\SYMMTD.OBJ
C:\GSL-1.14\BUILD.VC10\GSLDLL\WIN32\DEBUG\LINALG\TRIDIAG.OBJ
C:\gsl-1.14\build.vc10\gsldll\Win32\Debug\link.command.1.tlog
C:\gsl-1.14\build.vc10\gsldll\Win32\Debug\link.read.1.tlog
C:\gsl-1.14\build.vc10\gsldll\Win32\Debug\link.write.1.tlog
C:\GSL-1.14\BUILD.VC10\GSLDLL\WIN32\DEBUG\MATRIX\COPY.OBJ
C:\GSL-1.14\BUILD.VC10\GSLDLL\WIN32\DEBUG\MATRIX\FILE.OBJ
C:\GSL-1.14\BUILD.VC10\GSLDLL\WIN32\DEBUG\MATRIX\GETSET.OBJ
C:\GSL-1.14\BUILD.VC10\GSLDLL\WIN32\DEBUG\MATRIX\INIT.OBJ
C:\GSL-1.14\BUILD.VC10\GSLDLL\WIN32\DEBUG\MATRIX\MATRIX.OBJ
C:\GSL-1.14\BUILD.VC10\GSLDLL\WIN32\DEBUG\MATRIX\MINMAX.OBJ
C:\GSL-1.14\BUILD.VC10\GSLDLL\WIN32\DEBUG\MATRIX\OPER.OBJ
C:\GSL-1.14\BUILD.VC10\GSLDLL\WIN32\DEBUG\MATRIX\PROP.OBJ
C:\GSL-1.14\BUILD.VC10\GSLDLL\WIN32\DEBUG\MATRIX\ROWCOL.OBJ
C:\GSL-1.14\BUILD.VC10\GSLDLL\WIN32\DEBUG\MATRIX\SUBMATRIX.OBJ
C:\GSL-1.14\BUILD.VC10\GSLDLL\WIN32\DEBUG\MATRIX\SWAP.OBJ
C:\GSL-1.14\BUILD.VC10\GSLDLL\WIN32\DEBUG\MATRIX\VIEW.OBJ
C:\GSL-1.14\BUILD.VC10\GSLDLL\WIN32\DEBUG\MIN\BRACKETING.OBJ
C:\GSL-1.14\BUILD.VC10\GSLDLL\WIN32\DEBUG\MIN\BRENT.OBJ
C:\GSL-1.14\BUILD.VC10\GSLDLL\WIN32\DEBUG\MIN\CONVERGENCE.OBJ
C:\GSL-1.14\BUILD.VC10\GSLDLL\WIN32\DEBUG\MIN\FSOLVER.OBJ
C:\GSL-1.14\BUILD.VC10\GSLDLL\WIN32\DEBUG\MIN\GOLDEN.OBJ
C:\GSL-1.14\BUILD.VC10\GSLDLL\WIN32\DEBUG\MONTE\MISER.OBJ
C:\GSL-1.14\BUILD.VC10\GSLDLL\WIN32\DEBUG\MONTE\PLAIN.OBJ
C:\GSL-1.14\BUILD.VC10\GSLDLL\WIN32\DEBUG\MONTE\VEGAS.OBJ
C:\gsl-1.14\build.vc10\gsldll\Win32\Debug\mt.command.1.tlog
C:\gsl-1.14\build.vc10\gsldll\Win32\Debug\mt.read.1.tlog
C:\gsl-1.14\build.vc10\gsldll\Win32\Debug\mt.write.1.tlog
C:\GSL-1.14\BUILD.VC10\GSLDLL\WIN32\DEBUG\MULTIFIT\CONVERGENCE.OBJ
C:\GSL-1.14\BUILD.VC10\GSLDLL\WIN32\DEBUG\MULTIFIT\COVAR.OBJ
C:\GSL-1.14\BUILD.VC10\GSLDLL\WIN32\DEBUG\MULTIFIT\FDFSOLVER.OBJ
C:\GSL-1.14\BUILD.VC10\GSLDLL\WIN32\DEBUG\MULTIFIT\FSOLVER.OBJ
C:\GSL-1.14\BUILD.VC10\GSLDLL\WIN32\DEBUG\MULTIFIT\GRADIENT.OBJ
C:\GSL-1.14\BUILD.VC10\GSLDLL\WIN32\DEBUG\MULTIFIT\LMDER.OBJ
C:\GSL-1.14\BUILD.VC10\GSLDLL\WIN32\DEBUG\MULTIFIT\MULTILINEAR.OBJ
C:\GSL-1.14\BUILD.VC10\GSLDLL\WIN32\DEBUG\MULTIFIT\WORK.OBJ
C:\GSL-1.14\BUILD.VC10\GSLDLL\WIN32\DEBUG\MULTIMIN\CONJUGATE_FR.OBJ
C:\GSL-1.14\BUILD.VC10\GSLDLL\WIN32\DEBUG\MULTIMIN\CONJUGATE_PR.OBJ
C:\GSL-1.14\BUILD.VC10\GSLDLL\WIN32\DEBUG\MULTIMIN\CONVERGENCE.OBJ
C:\GSL-1.14\BUILD.VC10\GSLDLL\WIN32\DEBUG\MULTIMIN\DIFF.OBJ
C:\GSL-1.14\BUILD.VC10\GSLDLL\WIN32\DEBUG\MULTIMIN\FDFMINIMIZER.OBJ
C:\GSL-1.14\BUILD.VC10\GSLDLL\WIN32\DEBUG\MULTIMIN\FMINIMIZER.OBJ
C:\GSL-1.14\BUILD.VC10\GSLDLL\WIN32\DEBUG\MULTIMIN\SIMPLEX.OBJ
C:\GSL-1.14\BUILD.VC10\GSLDLL\WIN32\DEBUG\MULTIMIN\STEEPEST_DESCENT.OBJ
C:\GSL-1.14\BUILD.VC10\GSLDLL\WIN32\DEBUG\MULTIMIN\VECTOR_BFGS.OBJ
C:\GSL-1.14\BUILD.VC10\GSLDLL\WIN32\DEBUG\MULTIMIN\VECTOR_BFGS2.OBJ
C:\GSL-1.14\BUILD.VC10\GSLDLL\WIN32\DEBUG\MULTIROOT\BROYDEN.OBJ
C:\GSL-1.14\BUILD.VC10\GSLDLL\WIN32\DEBUG\MULTIROOT\CONVERGENCE.OBJ
C:\GSL-1.14\BUILD.VC10\GSLDLL\WIN32\DEBUG\MULTIROOT\DNEWTON.OBJ
C:\GSL-1.14\BUILD.VC10\GSLDLL\WIN32\DEBUG\MULTIROOT\FDFSOLVER.OBJ
C:\GSL-1.14\BUILD.VC10\GSLDLL\WIN32\DEBUG\MULTIROOT\FDJAC.OBJ
C:\GSL-1.14\BUILD.VC10\GSLDLL\WIN32\DEBUG\MULTIROOT\FSOLVER.OBJ
C:\GSL-1.14\BUILD.VC10\GSLDLL\WIN32\DEBUG\MULTIROOT\GNEWTON.OBJ
C:\GSL-1.14\BUILD.VC10\GSLDLL\WIN32\DEBUG\MULTIROOT\HYBRID.OBJ
C:\GSL-1.14\BUILD.VC10\GSLDLL\WIN32\DEBUG\MULTIROOT\HYBRIDJ.OBJ
C:\GSL-1.14\BUILD.VC10\GSLDLL\WIN32\DEBUG\MULTIROOT\NEWTON.OBJ
C:\GSL-1.14\BUILD.VC10\GSLDLL\WIN32\DEBUG\MULTISET\FILE.OBJ
C:\GSL-1.14\BUILD.VC10\GSLDLL\WIN32\DEBUG\MULTISET\INIT.OBJ
C:\GSL-1.14\BUILD.VC10\GSLDLL\WIN32\DEBUG\MULTISET\MULTISET.OBJ
C:\GSL-1.14\BUILD.VC10\GSLDLL\WIN32\DEBUG\NTUPLE\NTUPLE.OBJ
C:\GSL-1.14\BUILD.VC10\GSLDLL\WIN32\DEBUG\ODE\BSIMP.OBJ
C:\GSL-1.14\BUILD.VC10\GSLDLL\WIN32\DEBUG\ODE\CONTROL.OBJ
C:\GSL-1.14\BUILD.VC10\GSLDLL\WIN32\DEBUG\ODE\CSCAL.OBJ
C:\GSL-1.14\BUILD.VC10\GSLDLL\WIN32\DEBUG\ODE\CSTD.OBJ
C:\GSL-1.14\BUILD.VC10\GSLDLL\WIN32\DEBUG\ODE\EVOLVE.OBJ
C:\GSL-1.14\BUILD.VC10\GSLDLL\WIN32\DEBUG\ODE\GEAR1.OBJ
C:\GSL-1.14\BUILD.VC10\GSLDLL\WIN32\DEBUG\ODE\GEAR2.OBJ
C:\GSL-1.14\BUILD.VC10\GSLDLL\WIN32\DEBUG\ODE\RK2.OBJ
C:\GSL-1.14\BUILD.VC10\GSLDLL\WIN32\DEBUG\ODE\RK2IMP.OBJ
C:\GSL-1.14\BUILD.VC10\GSLDLL\WIN32\DEBUG\ODE\RK2SIMP.OBJ
C:\GSL-1.14\BUILD.VC10\GSLDLL\WIN32\DEBUG\ODE\RK4.OBJ
C:\GSL-1.14\BUILD.VC10\GSLDLL\WIN32\DEBUG\ODE\RK4IMP.OBJ
C:\GSL-1.14\BUILD.VC10\GSLDLL\WIN32\DEBUG\ODE\RK8PD.OBJ
C:\GSL-1.14\BUILD.VC10\GSLDLL\WIN32\DEBUG\ODE\RKCK.OBJ
C:\GSL-1.14\BUILD.VC10\GSLDLL\WIN32\DEBUG\ODE\RKF45.OBJ
C:\GSL-1.14\BUILD.VC10\GSLDLL\WIN32\DEBUG\ODE\STEP.OBJ
C:\GSL-1.14\BUILD.VC10\GSLDLL\WIN32\DEBUG\PERMUTATION\CANONICAL.OBJ
C:\GSL-1.14\BUILD.VC10\GSLDLL\WIN32\DEBUG\PERMUTATION\FILE.OBJ
C:\GSL-1.14\BUILD.VC10\GSLDLL\WIN32\DEBUG\PERMUTATION\INIT.OBJ
C:\GSL-1.14\BUILD.VC10\GSLDLL\WIN32\DEBUG\PERMUTATION\PERMUTATION.OBJ
C:\GSL-1.14\BUILD.VC10\GSLDLL\WIN32\DEBUG\PERMUTATION\PERMUTE.OBJ
C:\GSL-1.14\BUILD.VC10\GSLDLL\WIN32\DEBUG\POLY\DD.OBJ
C:\GSL-1.14\BUILD.VC10\GSLDLL\WIN32\DEBUG\POLY\EVAL.OBJ
C:\GSL-1.14\BUILD.VC10\GSLDLL\WIN32\DEBUG\POLY\SOLVE_CUBIC.OBJ
C:\GSL-1.14\BUILD.VC10\GSLDLL\WIN32\DEBUG\POLY\SOLVE_QUADRATIC.OBJ
C:\GSL-1.14\BUILD.VC10\GSLDLL\WIN32\DEBUG\POLY\ZSOLVE.OBJ
C:\GSL-1.14\BUILD.VC10\GSLDLL\WIN32\DEBUG\POLY\ZSOLVE_CUBIC.OBJ
C:\GSL-1.14\BUILD.VC10\GSLDLL\WIN32\DEBUG\POLY\ZSOLVE_INIT.OBJ
C:\GSL-1.14\BUILD.VC10\GSLDLL\WIN32\DEBUG\POLY\ZSOLVE_QUADRATIC.OBJ
C:\GSL-1.14\BUILD.VC10\GSLDLL\WIN32\DEBUG\QRNG\NIEDERREITER-2.OBJ
C:\GSL-1.14\BUILD.VC10\GSLDLL\WIN32\DEBUG\QRNG\QRNG.OBJ
C:\GSL-1.14\BUILD.VC10\GSLDLL\WIN32\DEBUG\QRNG\SOBOL.OBJ
C:\GSL-1.14\BUILD.VC10\GSLDLL\WIN32\DEBUG\QUAD_GOLDEN.OBJ
C:\GSL-1.14\BUILD.VC10\GSLDLL\WIN32\DEBUG\RANDIST\BERNOULLI.OBJ
C:\GSL-1.14\BUILD.VC10\GSLDLL\WIN32\DEBUG\RANDIST\BETA.OBJ
C:\GSL-1.14\BUILD.VC10\GSLDLL\WIN32\DEBUG\RANDIST\BIGAUSS.OBJ
C:\GSL-1.14\BUILD.VC10\GSLDLL\WIN32\DEBUG\RANDIST\BINOMIAL.OBJ
C:\GSL-1.14\BUILD.VC10\GSLDLL\WIN32\DEBUG\RANDIST\BINOMIAL_TPE.OBJ
C:\GSL-1.14\BUILD.VC10\GSLDLL\WIN32\DEBUG\RANDIST\CAUCHY.OBJ
C:\GSL-1.14\BUILD.VC10\GSLDLL\WIN32\DEBUG\RANDIST\CHISQ.OBJ
C:\GSL-1.14\BUILD.VC10\GSLDLL\WIN32\DEBUG\RANDIST\DIRICHLET.OBJ
C:\GSL-1.14\BUILD.VC10\GSLDLL\WIN32\DEBUG\RANDIST\DISCRETE.OBJ
C:\GSL-1.14\BUILD.VC10\GSLDLL\WIN32\DEBUG\RANDIST\ERLANG.OBJ
C:\GSL-1.14\BUILD.VC10\GSLDLL\WIN32\DEBUG\RANDIST\EXPONENTIAL.OBJ
C:\GSL-1.14\BUILD.VC10\GSLDLL\WIN32\DEBUG\RANDIST\EXPPOW.OBJ
C:\GSL-1.14\BUILD.VC10\GSLDLL\WIN32\DEBUG\RANDIST\FDIST.OBJ
C:\GSL-1.14\BUILD.VC10\GSLDLL\WIN32\DEBUG\RANDIST\FLAT.OBJ
C:\GSL-1.14\BUILD.VC10\GSLDLL\WIN32\DEBUG\RANDIST\GAMMA.OBJ
C:\GSL-1.14\BUILD.VC10\GSLDLL\WIN32\DEBUG\RANDIST\GAUSS.OBJ
C:\GSL-1.14\BUILD.VC10\GSLDLL\WIN32\DEBUG\RANDIST\GAUSSTAIL.OBJ
C:\GSL-1.14\BUILD.VC10\GSLDLL\WIN32\DEBUG\RANDIST\GAUSSZIG.OBJ
C:\GSL-1.14\BUILD.VC10\GSLDLL\WIN32\DEBUG\RANDIST\GEOMETRIC.OBJ
C:\GSL-1.14\BUILD.VC10\GSLDLL\WIN32\DEBUG\RANDIST\GUMBEL.OBJ
C:\GSL-1.14\BUILD.VC10\GSLDLL\WIN32\DEBUG\RANDIST\HYPERG.OBJ
C:\GSL-1.14\BUILD.VC10\GSLDLL\WIN32\DEBUG\RANDIST\LANDAU.OBJ
C:\GSL-1.14\BUILD.VC10\GSLDLL\WIN32\DEBUG\RANDIST\LAPLACE.OBJ
C:\GSL-1.14\BUILD.VC10\GSLDLL\WIN32\DEBUG\RANDIST\LEVY.OBJ
C:\GSL-1.14\BUILD.VC10\GSLDLL\WIN32\DEBUG\RANDIST\LOGARITHMIC.OBJ
C:\GSL-1.14\BUILD.VC10\GSLDLL\WIN32\DEBUG\RANDIST\LOGISTIC.OBJ
C:\GSL-1.14\BUILD.VC10\GSLDLL\WIN32\DEBUG\RANDIST\LOGNORMAL.OBJ
C:\GSL-1.14\BUILD.VC10\GSLDLL\WIN32\DEBUG\RANDIST\MULTINOMIAL.OBJ
C:\GSL-1.14\BUILD.VC10\GSLDLL\WIN32\DEBUG\RANDIST\NBINOMIAL.OBJ
C:\GSL-1.14\BUILD.VC10\GSLDLL\WIN32\DEBUG\RANDIST\PARETO.OBJ
C:\GSL-1.14\BUILD.VC10\GSLDLL\WIN32\DEBUG\RANDIST\PASCAL.OBJ
C:\GSL-1.14\BUILD.VC10\GSLDLL\WIN32\DEBUG\RANDIST\POISSON.OBJ
C:\GSL-1.14\BUILD.VC10\GSLDLL\WIN32\DEBUG\RANDIST\RAYLEIGH.OBJ
C:\GSL-1.14\BUILD.VC10\GSLDLL\WIN32\DEBUG\RANDIST\SHUFFLE.OBJ
C:\GSL-1.14\BUILD.VC10\GSLDLL\WIN32\DEBUG\RANDIST\SPHERE.OBJ
C:\GSL-1.14\BUILD.VC10\GSLDLL\WIN32\DEBUG\RANDIST\TDIST.OBJ
C:\GSL-1.14\BUILD.VC10\GSLDLL\WIN32\DEBUG\RANDIST\WEIBULL.OBJ
C:\GSL-1.14\BUILD.VC10\GSLDLL\WIN32\DEBUG\READ.OBJ
C:\GSL-1.14\BUILD.VC10\GSLDLL\WIN32\DEBUG\REVERSEHALTON.OBJ
C:\GSL-1.14\BUILD.VC10\GSLDLL\WIN32\DEBUG\RNG\BOROSH13.OBJ
C:\GSL-1.14\BUILD.VC10\GSLDLL\WIN32\DEBUG\RNG\CMRG.OBJ
C:\GSL-1.14\BUILD.VC10\GSLDLL\WIN32\DEBUG\RNG\COVEYOU.OBJ
C:\GSL-1.14\BUILD.VC10\GSLDLL\WIN32\DEBUG\RNG\DEFAULT.OBJ
C:\GSL-1.14\BUILD.VC10\GSLDLL\WIN32\DEBUG\RNG\FILE.OBJ
C:\GSL-1.14\BUILD.VC10\GSLDLL\WIN32\DEBUG\RNG\FISHMAN18.OBJ
C:\GSL-1.14\BUILD.VC10\GSLDLL\WIN32\DEBUG\RNG\FISHMAN20.OBJ
C:\GSL-1.14\BUILD.VC10\GSLDLL\WIN32\DEBUG\RNG\FISHMAN2X.OBJ
C:\GSL-1.14\BUILD.VC10\GSLDLL\WIN32\DEBUG\RNG\GFSR4.OBJ
C:\GSL-1.14\BUILD.VC10\GSLDLL\WIN32\DEBUG\RNG\KNUTHRAN.OBJ
C:\GSL-1.14\BUILD.VC10\GSLDLL\WIN32\DEBUG\RNG\KNUTHRAN2.OBJ
C:\GSL-1.14\BUILD.VC10\GSLDLL\WIN32\DEBUG\RNG\KNUTHRAN2002.OBJ
C:\GSL-1.14\BUILD.VC10\GSLDLL\WIN32\DEBUG\RNG\LECUYER21.OBJ
C:\GSL-1.14\BUILD.VC10\GSLDLL\WIN32\DEBUG\RNG\MINSTD.OBJ
C:\GSL-1.14\BUILD.VC10\GSLDLL\WIN32\DEBUG\RNG\MRG.OBJ
C:\GSL-1.14\BUILD.VC10\GSLDLL\WIN32\DEBUG\RNG\MT.OBJ
C:\GSL-1.14\BUILD.VC10\GSLDLL\WIN32\DEBUG\RNG\R250.OBJ
C:\GSL-1.14\BUILD.VC10\GSLDLL\WIN32\DEBUG\RNG\RAN0.OBJ
C:\GSL-1.14\BUILD.VC10\GSLDLL\WIN32\DEBUG\RNG\RAN1.OBJ
C:\GSL-1.14\BUILD.VC10\GSLDLL\WIN32\DEBUG\RNG\RAN2.OBJ
C:\GSL-1.14\BUILD.VC10\GSLDLL\WIN32\DEBUG\RNG\RAN3.OBJ
C:\GSL-1.14\BUILD.VC10\GSLDLL\WIN32\DEBUG\RNG\RAND.OBJ
C:\GSL-1.14\BUILD.VC10\GSLDLL\WIN32\DEBUG\RNG\RAND48.OBJ
C:\GSL-1.14\BUILD.VC10\GSLDLL\WIN32\DEBUG\RNG\RANDOM.OBJ
C:\GSL-1.14\BUILD.VC10\GSLDLL\WIN32\DEBUG\RNG\RANDU.OBJ
C:\GSL-1.14\BUILD.VC10\GSLDLL\WIN32\DEBUG\RNG\RANF.OBJ
C:\GSL-1.14\BUILD.VC10\GSLDLL\WIN32\DEBUG\RNG\RANLUX.OBJ
C:\GSL-1.14\BUILD.VC10\GSLDLL\WIN32\DEBUG\RNG\RANLXD.OBJ
C:\GSL-1.14\BUILD.VC10\GSLDLL\WIN32\DEBUG\RNG\RANLXS.OBJ
C:\GSL-1.14\BUILD.VC10\GSLDLL\WIN32\DEBUG\RNG\RANMAR.OBJ
C:\GSL-1.14\BUILD.VC10\GSLDLL\WIN32\DEBUG\RNG\RNG.OBJ
C:\GSL-1.14\BUILD.VC10\GSLDLL\WIN32\DEBUG\RNG\SLATEC.OBJ
C:\GSL-1.14\BUILD.VC10\GSLDLL\WIN32\DEBUG\RNG\TAUS.OBJ
C:\GSL-1.14\BUILD.VC10\GSLDLL\WIN32\DEBUG\RNG\TAUS113.OBJ
C:\GSL-1.14\BUILD.VC10\GSLDLL\WIN32\DEBUG\RNG\TRANSPUTER.OBJ
C:\GSL-1.14\BUILD.VC10\GSLDLL\WIN32\DEBUG\RNG\TT.OBJ
C:\GSL-1.14\BUILD.VC10\GSLDLL\WIN32\DEBUG\RNG\TYPES.OBJ
C:\GSL-1.14\BUILD.VC10\GSLDLL\WIN32\DEBUG\RNG\UNI.OBJ
C:\GSL-1.14\BUILD.VC10\GSLDLL\WIN32\DEBUG\RNG\UNI32.OBJ
C:\GSL-1.14\BUILD.VC10\GSLDLL\WIN32\DEBUG\RNG\VAX.OBJ
C:\GSL-1.14\BUILD.VC10\GSLDLL\WIN32\DEBUG\RNG\WATERMAN14.OBJ
C:\GSL-1.14\BUILD.VC10\GSLDLL\WIN32\DEBUG\RNG\ZUF.OBJ
C:\GSL-1.14\BUILD.VC10\GSLDLL\WIN32\DEBUG\ROOTS\BISECTION.OBJ
C:\GSL-1.14\BUILD.VC10\GSLDLL\WIN32\DEBUG\ROOTS\BRENT.OBJ
C:\GSL-1.14\BUILD.VC10\GSLDLL\WIN32\DEBUG\ROOTS\CONVERGENCE.OBJ
C:\GSL-1.14\BUILD.VC10\GSLDLL\WIN32\DEBUG\ROOTS\FALSEPOS.OBJ
C:\GSL-1.14\BUILD.VC10\GSLDLL\WIN32\DEBUG\ROOTS\FDFSOLVER.OBJ
C:\GSL-1.14\BUILD.VC10\GSLDLL\WIN32\DEBUG\ROOTS\FSOLVER.OBJ
C:\GSL-1.14\BUILD.VC10\GSLDLL\WIN32\DEBUG\ROOTS\NEWTON.OBJ
C:\GSL-1.14\BUILD.VC10\GSLDLL\WIN32\DEBUG\ROOTS\SECANT.OBJ
C:\GSL-1.14\BUILD.VC10\GSLDLL\WIN32\DEBUG\ROOTS\STEFFENSON.OBJ
C:\GSL-1.14\BUILD.VC10\GSLDLL\WIN32\DEBUG\SIMAN\SIMAN.OBJ
C:\GSL-1.14\BUILD.VC10\GSLDLL\WIN32\DEBUG\SIMPLEX2.OBJ
C:\GSL-1.14\BUILD.VC10\GSLDLL\WIN32\DEBUG\SORT\SORT.OBJ
C:\GSL-1.14\BUILD.VC10\GSLDLL\WIN32\DEBUG\SORT\SORTIND.OBJ
C:\GSL-1.14\BUILD.VC10\GSLDLL\WIN32\DEBUG\SORT\SORTVEC.OBJ
C:\GSL-1.14\BUILD.VC10\GSLDLL\WIN32\DEBUG\SORT\SORTVECIND.OBJ
C:\GSL-1.14\BUILD.VC10\GSLDLL\WIN32\DEBUG\SORT\SUBSET.OBJ
C:\GSL-1.14\BUILD.VC10\GSLDLL\WIN32\DEBUG\SORT\SUBSETIND.OBJ
C:\GSL-1.14\BUILD.VC10\GSLDLL\WIN32\DEBUG\SPECFUNC\AIRY.OBJ
C:\GSL-1.14\BUILD.VC10\GSLDLL\WIN32\DEBUG\SPECFUNC\AIRY_DER.OBJ
C:\GSL-1.14\BUILD.VC10\GSLDLL\WIN32\DEBUG\SPECFUNC\AIRY_ZERO.OBJ
C:\GSL-1.14\BUILD.VC10\GSLDLL\WIN32\DEBUG\SPECFUNC\ATANINT.OBJ
C:\GSL-1.14\BUILD.VC10\GSLDLL\WIN32\DEBUG\SPECFUNC\BESSEL.OBJ
C:\GSL-1.14\BUILD.VC10\GSLDLL\WIN32\DEBUG\SPECFUNC\BESSEL_AMP_PHASE.OBJ
C:\GSL-1.14\BUILD.VC10\GSLDLL\WIN32\DEBUG\SPECFUNC\BESSEL_I.OBJ
C:\GSL-1.14\BUILD.VC10\GSLDLL\WIN32\DEBUG\SPECFUNC\BESSEL_I0.OBJ
C:\GSL-1.14\BUILD.VC10\GSLDLL\WIN32\DEBUG\SPECFUNC\BESSEL_I1.OBJ
C:\GSL-1.14\BUILD.VC10\GSLDLL\WIN32\DEBUG\SPECFUNC\BESSEL_IN.OBJ
C:\GSL-1.14\BUILD.VC10\GSLDLL\WIN32\DEBUG\SPECFUNC\BESSEL_INU.OBJ
C:\GSL-1.14\BUILD.VC10\GSLDLL\WIN32\DEBUG\SPECFUNC\BESSEL_J.OBJ
C:\GSL-1.14\BUILD.VC10\GSLDLL\WIN32\DEBUG\SPECFUNC\BESSEL_J0.OBJ
C:\GSL-1.14\BUILD.VC10\GSLDLL\WIN32\DEBUG\SPECFUNC\BESSEL_J1.OBJ
C:\GSL-1.14\BUILD.VC10\GSLDLL\WIN32\DEBUG\SPECFUNC\BESSEL_JN.OBJ
C:\GSL-1.14\BUILD.VC10\GSLDLL\WIN32\DEBUG\SPECFUNC\BESSEL_JNU.OBJ
C:\GSL-1.14\BUILD.VC10\GSLDLL\WIN32\DEBUG\SPECFUNC\BESSEL_K.OBJ
C:\GSL-1.14\BUILD.VC10\GSLDLL\WIN32\DEBUG\SPECFUNC\BESSEL_K0.OBJ
C:\GSL-1.14\BUILD.VC10\GSLDLL\WIN32\DEBUG\SPECFUNC\BESSEL_K1.OBJ
C:\GSL-1.14\BUILD.VC10\GSLDLL\WIN32\DEBUG\SPECFUNC\BESSEL_KN.OBJ
C:\GSL-1.14\BUILD.VC10\GSLDLL\WIN32\DEBUG\SPECFUNC\BESSEL_KNU.OBJ
C:\GSL-1.14\BUILD.VC10\GSLDLL\WIN32\DEBUG\SPECFUNC\BESSEL_OLVER.OBJ
C:\GSL-1.14\BUILD.VC10\GSLDLL\WIN32\DEBUG\SPECFUNC\BESSEL_SEQUENCE.OBJ
C:\GSL-1.14\BUILD.VC10\GSLDLL\WIN32\DEBUG\SPECFUNC\BESSEL_TEMME.OBJ
C:\GSL-1.14\BUILD.VC10\GSLDLL\WIN32\DEBUG\SPECFUNC\BESSEL_Y.OBJ
C:\GSL-1.14\BUILD.VC10\GSLDLL\WIN32\DEBUG\SPECFUNC\BESSEL_Y0.OBJ
C:\GSL-1.14\BUILD.VC10\GSLDLL\WIN32\DEBUG\SPECFUNC\BESSEL_Y1.OBJ
C:\GSL-1.14\BUILD.VC10\GSLDLL\WIN32\DEBUG\SPECFUNC\BESSEL_YN.OBJ
C:\GSL-1.14\BUILD.VC10\GSLDLL\WIN32\DEBUG\SPECFUNC\BESSEL_YNU.OBJ
C:\GSL-1.14\BUILD.VC10\GSLDLL\WIN32\DEBUG\SPECFUNC\BESSEL_ZERO.OBJ
C:\GSL-1.14\BUILD.VC10\GSLDLL\WIN32\DEBUG\SPECFUNC\BETA.OBJ
C:\GSL-1.14\BUILD.VC10\GSLDLL\WIN32\DEBUG\SPECFUNC\BETA_INC.OBJ
C:\GSL-1.14\BUILD.VC10\GSLDLL\WIN32\DEBUG\SPECFUNC\CLAUSEN.OBJ
C:\GSL-1.14\BUILD.VC10\GSLDLL\WIN32\DEBUG\SPECFUNC\COULOMB.OBJ
C:\GSL-1.14\BUILD.VC10\GSLDLL\WIN32\DEBUG\SPECFUNC\COULOMB_BOUND.OBJ
C:\GSL-1.14\BUILD.VC10\GSLDLL\WIN32\DEBUG\SPECFUNC\COUPLING.OBJ
C:\GSL-1.14\BUILD.VC10\GSLDLL\WIN32\DEBUG\SPECFUNC\DAWSON.OBJ
C:\GSL-1.14\BUILD.VC10\GSLDLL\WIN32\DEBUG\SPECFUNC\DEBYE.OBJ
C:\GSL-1.14\BUILD.VC10\GSLDLL\WIN32\DEBUG\SPECFUNC\DILOG.OBJ
C:\GSL-1.14\BUILD.VC10\GSLDLL\WIN32\DEBUG\SPECFUNC\ELEMENTARY.OBJ
C:\GSL-1.14\BUILD.VC10\GSLDLL\WIN32\DEBUG\SPECFUNC\ELLINT.OBJ
C:\GSL-1.14\BUILD.VC10\GSLDLL\WIN32\DEBUG\SPECFUNC\ELLJAC.OBJ
C:\GSL-1.14\BUILD.VC10\GSLDLL\WIN32\DEBUG\SPECFUNC\ERFC.OBJ
C:\GSL-1.14\BUILD.VC10\GSLDLL\WIN32\DEBUG\SPECFUNC\EXP.OBJ
C:\GSL-1.14\BUILD.VC10\GSLDLL\WIN32\DEBUG\SPECFUNC\EXPINT.OBJ
C:\GSL-1.14\BUILD.VC10\GSLDLL\WIN32\DEBUG\SPECFUNC\EXPINT3.OBJ
C:\GSL-1.14\BUILD.VC10\GSLDLL\WIN32\DEBUG\SPECFUNC\FERMI_DIRAC.OBJ
C:\GSL-1.14\BUILD.VC10\GSLDLL\WIN32\DEBUG\SPECFUNC\GAMMA.OBJ
C:\GSL-1.14\BUILD.VC10\GSLDLL\WIN32\DEBUG\SPECFUNC\GAMMA_INC.OBJ
C:\GSL-1.14\BUILD.VC10\GSLDLL\WIN32\DEBUG\SPECFUNC\GEGENBAUER.OBJ
C:\GSL-1.14\BUILD.VC10\GSLDLL\WIN32\DEBUG\SPECFUNC\HYPERG.OBJ
C:\GSL-1.14\BUILD.VC10\GSLDLL\WIN32\DEBUG\SPECFUNC\HYPERG_0F1.OBJ
C:\GSL-1.14\BUILD.VC10\GSLDLL\WIN32\DEBUG\SPECFUNC\HYPERG_1F1.OBJ
C:\GSL-1.14\BUILD.VC10\GSLDLL\WIN32\DEBUG\SPECFUNC\HYPERG_2F0.OBJ
C:\GSL-1.14\BUILD.VC10\GSLDLL\WIN32\DEBUG\SPECFUNC\HYPERG_2F1.OBJ
C:\GSL-1.14\BUILD.VC10\GSLDLL\WIN32\DEBUG\SPECFUNC\HYPERG_U.OBJ
C:\GSL-1.14\BUILD.VC10\GSLDLL\WIN32\DEBUG\SPECFUNC\LAGUERRE.OBJ
C:\GSL-1.14\BUILD.VC10\GSLDLL\WIN32\DEBUG\SPECFUNC\LAMBERT.OBJ
C:\GSL-1.14\BUILD.VC10\GSLDLL\WIN32\DEBUG\SPECFUNC\LEGENDRE_CON.OBJ
C:\GSL-1.14\BUILD.VC10\GSLDLL\WIN32\DEBUG\SPECFUNC\LEGENDRE_H3D.OBJ
C:\GSL-1.14\BUILD.VC10\GSLDLL\WIN32\DEBUG\SPECFUNC\LEGENDRE_POLY.OBJ
C:\GSL-1.14\BUILD.VC10\GSLDLL\WIN32\DEBUG\SPECFUNC\LEGENDRE_QN.OBJ
C:\GSL-1.14\BUILD.VC10\GSLDLL\WIN32\DEBUG\SPECFUNC\LOG.OBJ
C:\GSL-1.14\BUILD.VC10\GSLDLL\WIN32\DEBUG\SPECFUNC\MATHIEU_ANGFUNC.OBJ
C:\GSL-1.14\BUILD.VC10\GSLDLL\WIN32\DEBUG\SPECFUNC\MATHIEU_CHARV.OBJ
C:\GSL-1.14\BUILD.VC10\GSLDLL\WIN32\DEBUG\SPECFUNC\MATHIEU_COEFF.OBJ
C:\GSL-1.14\BUILD.VC10\GSLDLL\WIN32\DEBUG\SPECFUNC\MATHIEU_RADFUNC.OBJ
C:\GSL-1.14\BUILD.VC10\GSLDLL\WIN32\DEBUG\SPECFUNC\MATHIEU_WORKSPACE.OBJ
C:\GSL-1.14\BUILD.VC10\GSLDLL\WIN32\DEBUG\SPECFUNC\POCH.OBJ
C:\GSL-1.14\BUILD.VC10\GSLDLL\WIN32\DEBUG\SPECFUNC\POW_INT.OBJ
C:\GSL-1.14\BUILD.VC10\GSLDLL\WIN32\DEBUG\SPECFUNC\PSI.OBJ
C:\GSL-1.14\BUILD.VC10\GSLDLL\WIN32\DEBUG\SPECFUNC\RESULT.OBJ
C:\GSL-1.14\BUILD.VC10\GSLDLL\WIN32\DEBUG\SPECFUNC\SHINT.OBJ
C:\GSL-1.14\BUILD.VC10\GSLDLL\WIN32\DEBUG\SPECFUNC\SININT.OBJ
C:\GSL-1.14\BUILD.VC10\GSLDLL\WIN32\DEBUG\SPECFUNC\SYNCHROTRON.OBJ
C:\GSL-1.14\BUILD.VC10\GSLDLL\WIN32\DEBUG\SPECFUNC\TRANSPORT.OBJ
C:\GSL-1.14\BUILD.VC10\GSLDLL\WIN32\DEBUG\SPECFUNC\TRIG.OBJ
C:\GSL-1.14\BUILD.VC10\GSLDLL\WIN32\DEBUG\SPECFUNC\ZETA.OBJ
C:\GSL-1.14\BUILD.VC10\GSLDLL\WIN32\DEBUG\STATISTICS\ABSDEV.OBJ
C:\GSL-1.14\BUILD.VC10\GSLDLL\WIN32\DEBUG\STATISTICS\COVARIANCE.OBJ
C:\GSL-1.14\BUILD.VC10\GSLDLL\WIN32\DEBUG\STATISTICS\KURTOSIS.OBJ
C:\GSL-1.14\BUILD.VC10\GSLDLL\WIN32\DEBUG\STATISTICS\LAG1.OBJ
C:\GSL-1.14\BUILD.VC10\GSLDLL\WIN32\DEBUG\STATISTICS\MEAN.OBJ
C:\GSL-1.14\BUILD.VC10\GSLDLL\WIN32\DEBUG\STATISTICS\MEDIAN.OBJ
C:\GSL-1.14\BUILD.VC10\GSLDLL\WIN32\DEBUG\STATISTICS\MINMAX.OBJ
C:\GSL-1.14\BUILD.VC10\GSLDLL\WIN32\DEBUG\STATISTICS\P_VARIANCE.OBJ
C:\GSL-1.14\BUILD.VC10\GSLDLL\WIN32\DEBUG\STATISTICS\QUANTILES.OBJ
C:\GSL-1.14\BUILD.VC10\GSLDLL\WIN32\DEBUG\STATISTICS\SKEW.OBJ
C:\GSL-1.14\BUILD.VC10\GSLDLL\WIN32\DEBUG\STATISTICS\TTEST.OBJ
C:\GSL-1.14\BUILD.VC10\GSLDLL\WIN32\DEBUG\STATISTICS\VARIANCE.OBJ
C:\GSL-1.14\BUILD.VC10\GSLDLL\WIN32\DEBUG\STATISTICS\WABSDEV.OBJ
C:\GSL-1.14\BUILD.VC10\GSLDLL\WIN32\DEBUG\STATISTICS\WKURTOSIS.OBJ
C:\GSL-1.14\BUILD.VC10\GSLDLL\WIN32\DEBUG\STATISTICS\WMEAN.OBJ
C:\GSL-1.14\BUILD.VC10\GSLDLL\WIN32\DEBUG\STATISTICS\WSKEW.OBJ
C:\GSL-1.14\BUILD.VC10\GSLDLL\WIN32\DEBUG\STATISTICS\WVARIANCE.OBJ
C:\GSL-1.14\BUILD.VC10\GSLDLL\WIN32\DEBUG\SUM\LEVIN_U.OBJ
C:\GSL-1.14\BUILD.VC10\GSLDLL\WIN32\DEBUG\SUM\LEVIN_UTRUNC.OBJ
C:\GSL-1.14\BUILD.VC10\GSLDLL\WIN32\DEBUG\SUM\WORK_U.OBJ
C:\GSL-1.14\BUILD.VC10\GSLDLL\WIN32\DEBUG\SUM\WORK_UTRUNC.OBJ
C:\GSL-1.14\BUILD.VC10\GSLDLL\WIN32\DEBUG\SYS\COERCE.OBJ
C:\GSL-1.14\BUILD.VC10\GSLDLL\WIN32\DEBUG\SYS\EXPM1.OBJ
C:\GSL-1.14\BUILD.VC10\GSLDLL\WIN32\DEBUG\SYS\FCMP.OBJ
C:\GSL-1.14\BUILD.VC10\GSLDLL\WIN32\DEBUG\SYS\FDIV.OBJ
C:\GSL-1.14\BUILD.VC10\GSLDLL\WIN32\DEBUG\SYS\HYPOT.OBJ
C:\GSL-1.14\BUILD.VC10\GSLDLL\WIN32\DEBUG\SYS\INFNAN.OBJ
C:\GSL-1.14\BUILD.VC10\GSLDLL\WIN32\DEBUG\SYS\INVHYP.OBJ
C:\GSL-1.14\BUILD.VC10\GSLDLL\WIN32\DEBUG\SYS\LDFREXP.OBJ
C:\GSL-1.14\BUILD.VC10\GSLDLL\WIN32\DEBUG\SYS\LOG1P.OBJ
C:\GSL-1.14\BUILD.VC10\GSLDLL\WIN32\DEBUG\SYS\MINMAX.OBJ
C:\GSL-1.14\BUILD.VC10\GSLDLL\WIN32\DEBUG\SYS\POW_INT.OBJ
C:\GSL-1.14\BUILD.VC10\GSLDLL\WIN32\DEBUG\SYS\PREC.OBJ
C:\GSL-1.14\BUILD.VC10\GSLDLL\WIN32\DEBUG\TEST\RESULTS.OBJ
C:\GSL-1.14\BUILD.VC10\GSLDLL\WIN32\DEBUG\UTILS\PLACEHOLDER.OBJ
C:\GSL-1.14\BUILD.VC10\GSLDLL\WIN32\DEBUG\VECTOR\COPY.OBJ
C:\GSL-1.14\BUILD.VC10\GSLDLL\WIN32\DEBUG\VECTOR\FILE.OBJ
C:\GSL-1.14\BUILD.VC10\GSLDLL\WIN32\DEBUG\VECTOR\INIT.OBJ
C:\GSL-1.14\BUILD.VC10\GSLDLL\WIN32\DEBUG\VECTOR\MINMAX.OBJ
C:\GSL-1.14\BUILD.VC10\GSLDLL\WIN32\DEBUG\VECTOR\OPER.OBJ
C:\GSL-1.14\BUILD.VC10\GSLDLL\WIN32\DEBUG\VECTOR\PROP.OBJ
C:\GSL-1.14\BUILD.VC10\GSLDLL\WIN32\DEBUG\VECTOR\REIM.OBJ
C:\GSL-1.14\BUILD.VC10\GSLDLL\WIN32\DEBUG\VECTOR\SUBVECTOR.OBJ
C:\GSL-1.14\BUILD.VC10\GSLDLL\WIN32\DEBUG\VECTOR\SWAP.OBJ
C:\GSL-1.14\BUILD.VC10\GSLDLL\WIN32\DEBUG\VECTOR\VECTOR.OBJ
C:\GSL-1.14\BUILD.VC10\GSLDLL\WIN32\DEBUG\VECTOR\VIEW.OBJ
C:\GSL-1.14\BUILD.VC10\GSLDLL\WIN32\DEBUG\WAVELET\BSPLINE.OBJ
C:\GSL-1.14\BUILD.VC10\GSLDLL\WIN32\DEBUG\WAVELET\DAUBECHIES.OBJ
C:\GSL-1.14\BUILD.VC10\GSLDLL\WIN32\DEBUG\WAVELET\DWT.OBJ
C:\GSL-1.14\BUILD.VC10\GSLDLL\WIN32\DEBUG\WAVELET\HAAR.OBJ
C:\GSL-1.14\BUILD.VC10\GSLDLL\WIN32\DEBUG\WAVELET\WAVELET.OBJ
