C:\GSL-1.14\BUILD.VC10\CBLASDLL\WIN32\RELEASE\CAXPY.OBJ
C:\GSL-1.14\BUILD.VC10\CBLASDLL\WIN32\RELEASE\CBLAS.DLL.INTERMEDIATE.MANIFEST
C:\gsl-1.14\build.vc10\cblasdll\Win32\Release\cblasdll.write.1.tlog
C:\GSL-1.14\BUILD.VC10\CBLASDLL\WIN32\RELEASE\CCOPY.OBJ
C:\GSL-1.14\BUILD.VC10\CBLASDLL\WIN32\RELEASE\CDOTC_SUB.OBJ
C:\GSL-1.14\BUILD.VC10\CBLASDLL\WIN32\RELEASE\CDOTU_SUB.OBJ
C:\GSL-1.14\BUILD.VC10\CBLASDLL\WIN32\RELEASE\CGBMV.OBJ
C:\GSL-1.14\BUILD.VC10\CBLASDLL\WIN32\RELEASE\CGEMM.OBJ
C:\GSL-1.14\BUILD.VC10\CBLASDLL\WIN32\RELEASE\CGEMV.OBJ
C:\GSL-1.14\BUILD.VC10\CBLASDLL\WIN32\RELEASE\CGERC.OBJ
C:\GSL-1.14\BUILD.VC10\CBLASDLL\WIN32\RELEASE\CGERU.OBJ
C:\GSL-1.14\BUILD.VC10\CBLASDLL\WIN32\RELEASE\CHBMV.OBJ
C:\GSL-1.14\BUILD.VC10\CBLASDLL\WIN32\RELEASE\CHEMM.OBJ
C:\GSL-1.14\BUILD.VC10\CBLASDLL\WIN32\RELEASE\CHEMV.OBJ
C:\GSL-1.14\BUILD.VC10\CBLASDLL\WIN32\RELEASE\CHER.OBJ
C:\GSL-1.14\BUILD.VC10\CBLASDLL\WIN32\RELEASE\CHER2.OBJ
C:\GSL-1.14\BUILD.VC10\CBLASDLL\WIN32\RELEASE\CHER2K.OBJ
C:\GSL-1.14\BUILD.VC10\CBLASDLL\WIN32\RELEASE\CHERK.OBJ
C:\GSL-1.14\BUILD.VC10\CBLASDLL\WIN32\RELEASE\CHPMV.OBJ
C:\GSL-1.14\BUILD.VC10\CBLASDLL\WIN32\RELEASE\CHPR.OBJ
C:\GSL-1.14\BUILD.VC10\CBLASDLL\WIN32\RELEASE\CHPR2.OBJ
C:\gsl-1.14\build.vc10\cblasdll\Win32\Release\cl.command.1.tlog
C:\gsl-1.14\build.vc10\cblasdll\Win32\Release\CL.read.1.tlog
C:\gsl-1.14\build.vc10\cblasdll\Win32\Release\CL.write.1.tlog
C:\GSL-1.14\BUILD.VC10\CBLASDLL\WIN32\RELEASE\CSCAL.OBJ
C:\GSL-1.14\BUILD.VC10\CBLASDLL\WIN32\RELEASE\CSSCAL.OBJ
C:\GSL-1.14\BUILD.VC10\CBLASDLL\WIN32\RELEASE\CSWAP.OBJ
C:\GSL-1.14\BUILD.VC10\CBLASDLL\WIN32\RELEASE\CSYMM.OBJ
C:\GSL-1.14\BUILD.VC10\CBLASDLL\WIN32\RELEASE\CSYR2K.OBJ
C:\GSL-1.14\BUILD.VC10\CBLASDLL\WIN32\RELEASE\CSYRK.OBJ
C:\GSL-1.14\BUILD.VC10\CBLASDLL\WIN32\RELEASE\CTBMV.OBJ
C:\GSL-1.14\BUILD.VC10\CBLASDLL\WIN32\RELEASE\CTBSV.OBJ
C:\GSL-1.14\BUILD.VC10\CBLASDLL\WIN32\RELEASE\CTPMV.OBJ
C:\GSL-1.14\BUILD.VC10\CBLASDLL\WIN32\RELEASE\CTPSV.OBJ
C:\GSL-1.14\BUILD.VC10\CBLASDLL\WIN32\RELEASE\CTRMM.OBJ
C:\GSL-1.14\BUILD.VC10\CBLASDLL\WIN32\RELEASE\CTRMV.OBJ
C:\GSL-1.14\BUILD.VC10\CBLASDLL\WIN32\RELEASE\CTRSM.OBJ
C:\GSL-1.14\BUILD.VC10\CBLASDLL\WIN32\RELEASE\CTRSV.OBJ
C:\GSL-1.14\BUILD.VC10\CBLASDLL\WIN32\RELEASE\DASUM.OBJ
C:\GSL-1.14\BUILD.VC10\CBLASDLL\WIN32\RELEASE\DAXPY.OBJ
C:\GSL-1.14\BUILD.VC10\CBLASDLL\WIN32\RELEASE\DCOPY.OBJ
C:\GSL-1.14\BUILD.VC10\CBLASDLL\WIN32\RELEASE\DDOT.OBJ
C:\GSL-1.14\BUILD.VC10\CBLASDLL\WIN32\RELEASE\DGBMV.OBJ
C:\GSL-1.14\BUILD.VC10\CBLASDLL\WIN32\RELEASE\DGEMM.OBJ
C:\GSL-1.14\BUILD.VC10\CBLASDLL\WIN32\RELEASE\DGEMV.OBJ
C:\GSL-1.14\BUILD.VC10\CBLASDLL\WIN32\RELEASE\DGER.OBJ
C:\GSL-1.14\BUILD.VC10\CBLASDLL\WIN32\RELEASE\DNRM2.OBJ
C:\GSL-1.14\BUILD.VC10\CBLASDLL\WIN32\RELEASE\DROT.OBJ
C:\GSL-1.14\BUILD.VC10\CBLASDLL\WIN32\RELEASE\DROTG.OBJ
C:\GSL-1.14\BUILD.VC10\CBLASDLL\WIN32\RELEASE\DROTM.OBJ
C:\GSL-1.14\BUILD.VC10\CBLASDLL\WIN32\RELEASE\DROTMG.OBJ
C:\GSL-1.14\BUILD.VC10\CBLASDLL\WIN32\RELEASE\DSBMV.OBJ
C:\GSL-1.14\BUILD.VC10\CBLASDLL\WIN32\RELEASE\DSCAL.OBJ
C:\GSL-1.14\BUILD.VC10\CBLASDLL\WIN32\RELEASE\DSDOT.OBJ
C:\GSL-1.14\BUILD.VC10\CBLASDLL\WIN32\RELEASE\DSPMV.OBJ
C:\GSL-1.14\BUILD.VC10\CBLASDLL\WIN32\RELEASE\DSPR.OBJ
C:\GSL-1.14\BUILD.VC10\CBLASDLL\WIN32\RELEASE\DSPR2.OBJ
C:\GSL-1.14\BUILD.VC10\CBLASDLL\WIN32\RELEASE\DSWAP.OBJ
C:\GSL-1.14\BUILD.VC10\CBLASDLL\WIN32\RELEASE\DSYMM.OBJ
C:\GSL-1.14\BUILD.VC10\CBLASDLL\WIN32\RELEASE\DSYMV.OBJ
C:\GSL-1.14\BUILD.VC10\CBLASDLL\WIN32\RELEASE\DSYR.OBJ
C:\GSL-1.14\BUILD.VC10\CBLASDLL\WIN32\RELEASE\DSYR2.OBJ
C:\GSL-1.14\BUILD.VC10\CBLASDLL\WIN32\RELEASE\DSYR2K.OBJ
C:\GSL-1.14\BUILD.VC10\CBLASDLL\WIN32\RELEASE\DSYRK.OBJ
C:\GSL-1.14\BUILD.VC10\CBLASDLL\WIN32\RELEASE\DTBMV.OBJ
C:\GSL-1.14\BUILD.VC10\CBLASDLL\WIN32\RELEASE\DTBSV.OBJ
C:\GSL-1.14\BUILD.VC10\CBLASDLL\WIN32\RELEASE\DTPMV.OBJ
C:\GSL-1.14\BUILD.VC10\CBLASDLL\WIN32\RELEASE\DTPSV.OBJ
C:\GSL-1.14\BUILD.VC10\CBLASDLL\WIN32\RELEASE\DTRMM.OBJ
C:\GSL-1.14\BUILD.VC10\CBLASDLL\WIN32\RELEASE\DTRMV.OBJ
C:\GSL-1.14\BUILD.VC10\CBLASDLL\WIN32\RELEASE\DTRSM.OBJ
C:\GSL-1.14\BUILD.VC10\CBLASDLL\WIN32\RELEASE\DTRSV.OBJ
C:\GSL-1.14\BUILD.VC10\CBLASDLL\WIN32\RELEASE\DZASUM.OBJ
C:\GSL-1.14\BUILD.VC10\CBLASDLL\WIN32\RELEASE\DZNRM2.OBJ
C:\GSL-1.14\BUILD.VC10\CBLASDLL\WIN32\RELEASE\ICAMAX.OBJ
C:\GSL-1.14\BUILD.VC10\CBLASDLL\WIN32\RELEASE\IDAMAX.OBJ
C:\GSL-1.14\BUILD.VC10\CBLASDLL\WIN32\RELEASE\ISAMAX.OBJ
C:\GSL-1.14\BUILD.VC10\CBLASDLL\WIN32\RELEASE\IZAMAX.OBJ
C:\gsl-1.14\build.vc10\cblasdll\Win32\Release\link.command.1.tlog
C:\gsl-1.14\build.vc10\cblasdll\Win32\Release\link.read.1.tlog
C:\gsl-1.14\build.vc10\cblasdll\Win32\Release\link.write.1.tlog
C:\gsl-1.14\build.vc10\cblasdll\Win32\Release\mt.command.1.tlog
C:\gsl-1.14\build.vc10\cblasdll\Win32\Release\mt.read.1.tlog
C:\gsl-1.14\build.vc10\cblasdll\Win32\Release\mt.write.1.tlog
C:\GSL-1.14\BUILD.VC10\CBLASDLL\WIN32\RELEASE\SASUM.OBJ
C:\GSL-1.14\BUILD.VC10\CBLASDLL\WIN32\RELEASE\SAXPY.OBJ
C:\GSL-1.14\BUILD.VC10\CBLASDLL\WIN32\RELEASE\SCASUM.OBJ
C:\GSL-1.14\BUILD.VC10\CBLASDLL\WIN32\RELEASE\SCNRM2.OBJ
C:\GSL-1.14\BUILD.VC10\CBLASDLL\WIN32\RELEASE\SCOPY.OBJ
C:\GSL-1.14\BUILD.VC10\CBLASDLL\WIN32\RELEASE\SDOT.OBJ
C:\GSL-1.14\BUILD.VC10\CBLASDLL\WIN32\RELEASE\SDSDOT.OBJ
C:\GSL-1.14\BUILD.VC10\CBLASDLL\WIN32\RELEASE\SGBMV.OBJ
C:\GSL-1.14\BUILD.VC10\CBLASDLL\WIN32\RELEASE\SGEMM.OBJ
C:\GSL-1.14\BUILD.VC10\CBLASDLL\WIN32\RELEASE\SGEMV.OBJ
C:\GSL-1.14\BUILD.VC10\CBLASDLL\WIN32\RELEASE\SGER.OBJ
C:\GSL-1.14\BUILD.VC10\CBLASDLL\WIN32\RELEASE\SNRM2.OBJ
C:\GSL-1.14\BUILD.VC10\CBLASDLL\WIN32\RELEASE\SROT.OBJ
C:\GSL-1.14\BUILD.VC10\CBLASDLL\WIN32\RELEASE\SROTG.OBJ
C:\GSL-1.14\BUILD.VC10\CBLASDLL\WIN32\RELEASE\SROTM.OBJ
C:\GSL-1.14\BUILD.VC10\CBLASDLL\WIN32\RELEASE\SROTMG.OBJ
C:\GSL-1.14\BUILD.VC10\CBLASDLL\WIN32\RELEASE\SSBMV.OBJ
C:\GSL-1.14\BUILD.VC10\CBLASDLL\WIN32\RELEASE\SSCAL.OBJ
C:\GSL-1.14\BUILD.VC10\CBLASDLL\WIN32\RELEASE\SSPMV.OBJ
C:\GSL-1.14\BUILD.VC10\CBLASDLL\WIN32\RELEASE\SSPR.OBJ
C:\GSL-1.14\BUILD.VC10\CBLASDLL\WIN32\RELEASE\SSPR2.OBJ
C:\GSL-1.14\BUILD.VC10\CBLASDLL\WIN32\RELEASE\SSWAP.OBJ
C:\GSL-1.14\BUILD.VC10\CBLASDLL\WIN32\RELEASE\SSYMM.OBJ
C:\GSL-1.14\BUILD.VC10\CBLASDLL\WIN32\RELEASE\SSYMV.OBJ
C:\GSL-1.14\BUILD.VC10\CBLASDLL\WIN32\RELEASE\SSYR.OBJ
C:\GSL-1.14\BUILD.VC10\CBLASDLL\WIN32\RELEASE\SSYR2.OBJ
C:\GSL-1.14\BUILD.VC10\CBLASDLL\WIN32\RELEASE\SSYR2K.OBJ
C:\GSL-1.14\BUILD.VC10\CBLASDLL\WIN32\RELEASE\SSYRK.OBJ
C:\GSL-1.14\BUILD.VC10\CBLASDLL\WIN32\RELEASE\STBMV.OBJ
C:\GSL-1.14\BUILD.VC10\CBLASDLL\WIN32\RELEASE\STBSV.OBJ
C:\GSL-1.14\BUILD.VC10\CBLASDLL\WIN32\RELEASE\STPMV.OBJ
C:\GSL-1.14\BUILD.VC10\CBLASDLL\WIN32\RELEASE\STPSV.OBJ
C:\GSL-1.14\BUILD.VC10\CBLASDLL\WIN32\RELEASE\STRMM.OBJ
C:\GSL-1.14\BUILD.VC10\CBLASDLL\WIN32\RELEASE\STRMV.OBJ
C:\GSL-1.14\BUILD.VC10\CBLASDLL\WIN32\RELEASE\STRSM.OBJ
C:\GSL-1.14\BUILD.VC10\CBLASDLL\WIN32\RELEASE\STRSV.OBJ
C:\GSL-1.14\BUILD.VC10\CBLASDLL\WIN32\RELEASE\XERBLA.OBJ
C:\GSL-1.14\BUILD.VC10\CBLASDLL\WIN32\RELEASE\ZAXPY.OBJ
C:\GSL-1.14\BUILD.VC10\CBLASDLL\WIN32\RELEASE\ZCOPY.OBJ
C:\GSL-1.14\BUILD.VC10\CBLASDLL\WIN32\RELEASE\ZDOTC_SUB.OBJ
C:\GSL-1.14\BUILD.VC10\CBLASDLL\WIN32\RELEASE\ZDOTU_SUB.OBJ
C:\GSL-1.14\BUILD.VC10\CBLASDLL\WIN32\RELEASE\ZDSCAL.OBJ
C:\GSL-1.14\BUILD.VC10\CBLASDLL\WIN32\RELEASE\ZGBMV.OBJ
C:\GSL-1.14\BUILD.VC10\CBLASDLL\WIN32\RELEASE\ZGEMM.OBJ
C:\GSL-1.14\BUILD.VC10\CBLASDLL\WIN32\RELEASE\ZGEMV.OBJ
C:\GSL-1.14\BUILD.VC10\CBLASDLL\WIN32\RELEASE\ZGERC.OBJ
C:\GSL-1.14\BUILD.VC10\CBLASDLL\WIN32\RELEASE\ZGERU.OBJ
C:\GSL-1.14\BUILD.VC10\CBLASDLL\WIN32\RELEASE\ZHBMV.OBJ
C:\GSL-1.14\BUILD.VC10\CBLASDLL\WIN32\RELEASE\ZHEMM.OBJ
C:\GSL-1.14\BUILD.VC10\CBLASDLL\WIN32\RELEASE\ZHEMV.OBJ
C:\GSL-1.14\BUILD.VC10\CBLASDLL\WIN32\RELEASE\ZHER.OBJ
C:\GSL-1.14\BUILD.VC10\CBLASDLL\WIN32\RELEASE\ZHER2.OBJ
C:\GSL-1.14\BUILD.VC10\CBLASDLL\WIN32\RELEASE\ZHER2K.OBJ
C:\GSL-1.14\BUILD.VC10\CBLASDLL\WIN32\RELEASE\ZHERK.OBJ
C:\GSL-1.14\BUILD.VC10\CBLASDLL\WIN32\RELEASE\ZHPMV.OBJ
C:\GSL-1.14\BUILD.VC10\CBLASDLL\WIN32\RELEASE\ZHPR.OBJ
C:\GSL-1.14\BUILD.VC10\CBLASDLL\WIN32\RELEASE\ZHPR2.OBJ
C:\GSL-1.14\BUILD.VC10\CBLASDLL\WIN32\RELEASE\ZSCAL.OBJ
C:\GSL-1.14\BUILD.VC10\CBLASDLL\WIN32\RELEASE\ZSWAP.OBJ
C:\GSL-1.14\BUILD.VC10\CBLASDLL\WIN32\RELEASE\ZSYMM.OBJ
C:\GSL-1.14\BUILD.VC10\CBLASDLL\WIN32\RELEASE\ZSYR2K.OBJ
C:\GSL-1.14\BUILD.VC10\CBLASDLL\WIN32\RELEASE\ZSYRK.OBJ
C:\GSL-1.14\BUILD.VC10\CBLASDLL\WIN32\RELEASE\ZTBMV.OBJ
C:\GSL-1.14\BUILD.VC10\CBLASDLL\WIN32\RELEASE\ZTBSV.OBJ
C:\GSL-1.14\BUILD.VC10\CBLASDLL\WIN32\RELEASE\ZTPMV.OBJ
C:\GSL-1.14\BUILD.VC10\CBLASDLL\WIN32\RELEASE\ZTPSV.OBJ
C:\GSL-1.14\BUILD.VC10\CBLASDLL\WIN32\RELEASE\ZTRMM.OBJ
C:\GSL-1.14\BUILD.VC10\CBLASDLL\WIN32\RELEASE\ZTRMV.OBJ
C:\GSL-1.14\BUILD.VC10\CBLASDLL\WIN32\RELEASE\ZTRSM.OBJ
C:\GSL-1.14\BUILD.VC10\CBLASDLL\WIN32\RELEASE\ZTRSV.OBJ
C:\GSL-1.14\BUILD.VC10\DLL\WIN32\RELEASE\CBLAS.DLL
C:\gsl-1.14\build.vc10\dll\Win32\Release\cblas.exp
C:\gsl-1.14\build.vc10\dll\Win32\Release\cblas.lib
C:\GSL-1.14\BUILD.VC10\DLL\WIN32\RELEASE\CBLAS.PDB
