C:\GSL-1.14\BUILD.VC10\DLL\WIN32\RELEASE\GSL.DLL
C:\gsl-1.14\build.vc10\dll\Win32\Release\gsl.exp
C:\gsl-1.14\build.vc10\dll\Win32\Release\gsl.lib
C:\GSL-1.14\BUILD.VC10\DLL\WIN32\RELEASE\GSL.PDB
C:\GSL-1.14\BUILD.VC10\GSLDLL\WIN32\RELEASE\BLAS\BLAS.OBJ
C:\GSL-1.14\BUILD.VC10\GSLDLL\WIN32\RELEASE\BLOCK\BLOCK.OBJ
C:\GSL-1.14\BUILD.VC10\GSLDLL\WIN32\RELEASE\BLOCK\FILE.OBJ
C:\GSL-1.14\BUILD.VC10\GSLDLL\WIN32\RELEASE\BLOCK\INIT.OBJ
C:\GSL-1.14\BUILD.VC10\GSLDLL\WIN32\RELEASE\BSPLINE\BSPLINE.OBJ
C:\GSL-1.14\BUILD.VC10\GSLDLL\WIN32\RELEASE\CDF\BETA.OBJ
C:\GSL-1.14\BUILD.VC10\GSLDLL\WIN32\RELEASE\CDF\BETAINV.OBJ
C:\GSL-1.14\BUILD.VC10\GSLDLL\WIN32\RELEASE\CDF\BINOMIAL.OBJ
C:\GSL-1.14\BUILD.VC10\GSLDLL\WIN32\RELEASE\CDF\CAUCHY.OBJ
C:\GSL-1.14\BUILD.VC10\GSLDLL\WIN32\RELEASE\CDF\CAUCHYINV.OBJ
C:\GSL-1.14\BUILD.VC10\GSLDLL\WIN32\RELEASE\CDF\CHISQ.OBJ
C:\GSL-1.14\BUILD.VC10\GSLDLL\WIN32\RELEASE\CDF\CHISQINV.OBJ
C:\GSL-1.14\BUILD.VC10\GSLDLL\WIN32\RELEASE\CDF\EXPONENTIAL.OBJ
C:\GSL-1.14\BUILD.VC10\GSLDLL\WIN32\RELEASE\CDF\EXPONENTIALINV.OBJ
C:\GSL-1.14\BUILD.VC10\GSLDLL\WIN32\RELEASE\CDF\EXPPOW.OBJ
C:\GSL-1.14\BUILD.VC10\GSLDLL\WIN32\RELEASE\CDF\FDIST.OBJ
C:\GSL-1.14\BUILD.VC10\GSLDLL\WIN32\RELEASE\CDF\FDISTINV.OBJ
C:\GSL-1.14\BUILD.VC10\GSLDLL\WIN32\RELEASE\CDF\FLAT.OBJ
C:\GSL-1.14\BUILD.VC10\GSLDLL\WIN32\RELEASE\CDF\FLATINV.OBJ
C:\GSL-1.14\BUILD.VC10\GSLDLL\WIN32\RELEASE\CDF\GAMMA.OBJ
C:\GSL-1.14\BUILD.VC10\GSLDLL\WIN32\RELEASE\CDF\GAMMAINV.OBJ
C:\GSL-1.14\BUILD.VC10\GSLDLL\WIN32\RELEASE\CDF\GAUSS.OBJ
C:\GSL-1.14\BUILD.VC10\GSLDLL\WIN32\RELEASE\CDF\GAUSSINV.OBJ
C:\GSL-1.14\BUILD.VC10\GSLDLL\WIN32\RELEASE\CDF\GEOMETRIC.OBJ
C:\GSL-1.14\BUILD.VC10\GSLDLL\WIN32\RELEASE\CDF\GUMBEL1.OBJ
C:\GSL-1.14\BUILD.VC10\GSLDLL\WIN32\RELEASE\CDF\GUMBEL1INV.OBJ
C:\GSL-1.14\BUILD.VC10\GSLDLL\WIN32\RELEASE\CDF\GUMBEL2.OBJ
C:\GSL-1.14\BUILD.VC10\GSLDLL\WIN32\RELEASE\CDF\GUMBEL2INV.OBJ
C:\GSL-1.14\BUILD.VC10\GSLDLL\WIN32\RELEASE\CDF\HYPERGEOMETRIC.OBJ
C:\GSL-1.14\BUILD.VC10\GSLDLL\WIN32\RELEASE\CDF\LAPLACE.OBJ
C:\GSL-1.14\BUILD.VC10\GSLDLL\WIN32\RELEASE\CDF\LAPLACEINV.OBJ
C:\GSL-1.14\BUILD.VC10\GSLDLL\WIN32\RELEASE\CDF\LOGISTIC.OBJ
C:\GSL-1.14\BUILD.VC10\GSLDLL\WIN32\RELEASE\CDF\LOGISTICINV.OBJ
C:\GSL-1.14\BUILD.VC10\GSLDLL\WIN32\RELEASE\CDF\LOGNORMAL.OBJ
C:\GSL-1.14\BUILD.VC10\GSLDLL\WIN32\RELEASE\CDF\LOGNORMALINV.OBJ
C:\GSL-1.14\BUILD.VC10\GSLDLL\WIN32\RELEASE\CDF\NBINOMIAL.OBJ
C:\GSL-1.14\BUILD.VC10\GSLDLL\WIN32\RELEASE\CDF\PARETO.OBJ
C:\GSL-1.14\BUILD.VC10\GSLDLL\WIN32\RELEASE\CDF\PARETOINV.OBJ
C:\GSL-1.14\BUILD.VC10\GSLDLL\WIN32\RELEASE\CDF\PASCAL.OBJ
C:\GSL-1.14\BUILD.VC10\GSLDLL\WIN32\RELEASE\CDF\POISSON.OBJ
C:\GSL-1.14\BUILD.VC10\GSLDLL\WIN32\RELEASE\CDF\RAYLEIGH.OBJ
C:\GSL-1.14\BUILD.VC10\GSLDLL\WIN32\RELEASE\CDF\RAYLEIGHINV.OBJ
C:\GSL-1.14\BUILD.VC10\GSLDLL\WIN32\RELEASE\CDF\TDIST.OBJ
C:\GSL-1.14\BUILD.VC10\GSLDLL\WIN32\RELEASE\CDF\TDISTINV.OBJ
C:\GSL-1.14\BUILD.VC10\GSLDLL\WIN32\RELEASE\CDF\WEIBULL.OBJ
C:\GSL-1.14\BUILD.VC10\GSLDLL\WIN32\RELEASE\CDF\WEIBULLINV.OBJ
C:\GSL-1.14\BUILD.VC10\GSLDLL\WIN32\RELEASE\CHEB\DERIV.OBJ
C:\GSL-1.14\BUILD.VC10\GSLDLL\WIN32\RELEASE\CHEB\EVAL.OBJ
C:\GSL-1.14\BUILD.VC10\GSLDLL\WIN32\RELEASE\CHEB\INIT.OBJ
C:\GSL-1.14\BUILD.VC10\GSLDLL\WIN32\RELEASE\CHEB\INTEG.OBJ
C:\gsl-1.14\build.vc10\gsldll\Win32\Release\cl.command.1.tlog
C:\gsl-1.14\build.vc10\gsldll\Win32\Release\CL.read.1.tlog
C:\gsl-1.14\build.vc10\gsldll\Win32\Release\CL.write.1.tlog
C:\GSL-1.14\BUILD.VC10\GSLDLL\WIN32\RELEASE\COMBINATION\COMBINATION.OBJ
C:\GSL-1.14\BUILD.VC10\GSLDLL\WIN32\RELEASE\COMBINATION\FILE.OBJ
C:\GSL-1.14\BUILD.VC10\GSLDLL\WIN32\RELEASE\COMBINATION\INIT.OBJ
C:\GSL-1.14\BUILD.VC10\GSLDLL\WIN32\RELEASE\COMPLEX\MATH.OBJ
C:\GSL-1.14\BUILD.VC10\GSLDLL\WIN32\RELEASE\DERIV.OBJ
C:\GSL-1.14\BUILD.VC10\GSLDLL\WIN32\RELEASE\DERIV\DERIV.OBJ
C:\GSL-1.14\BUILD.VC10\GSLDLL\WIN32\RELEASE\DHT\DHT.OBJ
C:\GSL-1.14\BUILD.VC10\GSLDLL\WIN32\RELEASE\DIFF\DIFF.OBJ
C:\GSL-1.14\BUILD.VC10\GSLDLL\WIN32\RELEASE\EIGEN\FRANCIS.OBJ
C:\GSL-1.14\BUILD.VC10\GSLDLL\WIN32\RELEASE\EIGEN\GEN.OBJ
C:\GSL-1.14\BUILD.VC10\GSLDLL\WIN32\RELEASE\EIGEN\GENHERM.OBJ
C:\GSL-1.14\BUILD.VC10\GSLDLL\WIN32\RELEASE\EIGEN\GENHERMV.OBJ
C:\GSL-1.14\BUILD.VC10\GSLDLL\WIN32\RELEASE\EIGEN\GENSYMM.OBJ
C:\GSL-1.14\BUILD.VC10\GSLDLL\WIN32\RELEASE\EIGEN\GENSYMMV.OBJ
C:\GSL-1.14\BUILD.VC10\GSLDLL\WIN32\RELEASE\EIGEN\GENV.OBJ
C:\GSL-1.14\BUILD.VC10\GSLDLL\WIN32\RELEASE\EIGEN\HERM.OBJ
C:\GSL-1.14\BUILD.VC10\GSLDLL\WIN32\RELEASE\EIGEN\HERMV.OBJ
C:\GSL-1.14\BUILD.VC10\GSLDLL\WIN32\RELEASE\EIGEN\JACOBI.OBJ
C:\GSL-1.14\BUILD.VC10\GSLDLL\WIN32\RELEASE\EIGEN\NONSYMM.OBJ
C:\GSL-1.14\BUILD.VC10\GSLDLL\WIN32\RELEASE\EIGEN\NONSYMMV.OBJ
C:\GSL-1.14\BUILD.VC10\GSLDLL\WIN32\RELEASE\EIGEN\SCHUR.OBJ
C:\GSL-1.14\BUILD.VC10\GSLDLL\WIN32\RELEASE\EIGEN\SORT.OBJ
C:\GSL-1.14\BUILD.VC10\GSLDLL\WIN32\RELEASE\EIGEN\SYMM.OBJ
C:\GSL-1.14\BUILD.VC10\GSLDLL\WIN32\RELEASE\EIGEN\SYMMV.OBJ
C:\GSL-1.14\BUILD.VC10\GSLDLL\WIN32\RELEASE\ERR\ERROR.OBJ
C:\GSL-1.14\BUILD.VC10\GSLDLL\WIN32\RELEASE\ERR\MESSAGE.OBJ
C:\GSL-1.14\BUILD.VC10\GSLDLL\WIN32\RELEASE\ERR\STREAM.OBJ
C:\GSL-1.14\BUILD.VC10\GSLDLL\WIN32\RELEASE\ERR\STRERROR.OBJ
C:\GSL-1.14\BUILD.VC10\GSLDLL\WIN32\RELEASE\FFT\DFT.OBJ
C:\GSL-1.14\BUILD.VC10\GSLDLL\WIN32\RELEASE\FFT\FFT.OBJ
C:\GSL-1.14\BUILD.VC10\GSLDLL\WIN32\RELEASE\FIT\LINEAR.OBJ
C:\GSL-1.14\BUILD.VC10\GSLDLL\WIN32\RELEASE\GLFIXED.OBJ
C:\GSL-1.14\BUILD.VC10\GSLDLL\WIN32\RELEASE\GSL.DLL.INTERMEDIATE.MANIFEST
C:\GSL-1.14\BUILD.VC10\GSLDLL\WIN32\RELEASE\GSL\VERSION.OBJ
C:\gsl-1.14\build.vc10\gsldll\Win32\Release\gsldll.write.1.tlog
C:\GSL-1.14\BUILD.VC10\GSLDLL\WIN32\RELEASE\HALTON.OBJ
C:\GSL-1.14\BUILD.VC10\GSLDLL\WIN32\RELEASE\HISTOGRAM\ADD.OBJ
C:\GSL-1.14\BUILD.VC10\GSLDLL\WIN32\RELEASE\HISTOGRAM\ADD2D.OBJ
C:\GSL-1.14\BUILD.VC10\GSLDLL\WIN32\RELEASE\HISTOGRAM\CALLOC_RANGE.OBJ
C:\GSL-1.14\BUILD.VC10\GSLDLL\WIN32\RELEASE\HISTOGRAM\CALLOC_RANGE2D.OBJ
C:\GSL-1.14\BUILD.VC10\GSLDLL\WIN32\RELEASE\HISTOGRAM\COPY.OBJ
C:\GSL-1.14\BUILD.VC10\GSLDLL\WIN32\RELEASE\HISTOGRAM\COPY2D.OBJ
C:\GSL-1.14\BUILD.VC10\GSLDLL\WIN32\RELEASE\HISTOGRAM\FILE.OBJ
C:\GSL-1.14\BUILD.VC10\GSLDLL\WIN32\RELEASE\HISTOGRAM\FILE2D.OBJ
C:\GSL-1.14\BUILD.VC10\GSLDLL\WIN32\RELEASE\HISTOGRAM\GET.OBJ
C:\GSL-1.14\BUILD.VC10\GSLDLL\WIN32\RELEASE\HISTOGRAM\GET2D.OBJ
C:\GSL-1.14\BUILD.VC10\GSLDLL\WIN32\RELEASE\HISTOGRAM\INIT.OBJ
C:\GSL-1.14\BUILD.VC10\GSLDLL\WIN32\RELEASE\HISTOGRAM\INIT2D.OBJ
C:\GSL-1.14\BUILD.VC10\GSLDLL\WIN32\RELEASE\HISTOGRAM\MAXVAL.OBJ
C:\GSL-1.14\BUILD.VC10\GSLDLL\WIN32\RELEASE\HISTOGRAM\MAXVAL2D.OBJ
C:\GSL-1.14\BUILD.VC10\GSLDLL\WIN32\RELEASE\HISTOGRAM\OPER.OBJ
C:\GSL-1.14\BUILD.VC10\GSLDLL\WIN32\RELEASE\HISTOGRAM\OPER2D.OBJ
C:\GSL-1.14\BUILD.VC10\GSLDLL\WIN32\RELEASE\HISTOGRAM\PARAMS.OBJ
C:\GSL-1.14\BUILD.VC10\GSLDLL\WIN32\RELEASE\HISTOGRAM\PARAMS2D.OBJ
C:\GSL-1.14\BUILD.VC10\GSLDLL\WIN32\RELEASE\HISTOGRAM\PDF.OBJ
C:\GSL-1.14\BUILD.VC10\GSLDLL\WIN32\RELEASE\HISTOGRAM\PDF2D.OBJ
C:\GSL-1.14\BUILD.VC10\GSLDLL\WIN32\RELEASE\HISTOGRAM\RESET.OBJ
C:\GSL-1.14\BUILD.VC10\GSLDLL\WIN32\RELEASE\HISTOGRAM\RESET2D.OBJ
C:\GSL-1.14\BUILD.VC10\GSLDLL\WIN32\RELEASE\HISTOGRAM\STAT.OBJ
C:\GSL-1.14\BUILD.VC10\GSLDLL\WIN32\RELEASE\HISTOGRAM\STAT2D.OBJ
C:\GSL-1.14\BUILD.VC10\GSLDLL\WIN32\RELEASE\IEEEUTILS\ENV.OBJ
C:\GSL-1.14\BUILD.VC10\GSLDLL\WIN32\RELEASE\IEEEUTILS\FP-WIN.OBJ
C:\GSL-1.14\BUILD.VC10\GSLDLL\WIN32\RELEASE\IEEEUTILS\MAKE_REP.OBJ
C:\GSL-1.14\BUILD.VC10\GSLDLL\WIN32\RELEASE\IEEEUTILS\PRINT.OBJ
C:\GSL-1.14\BUILD.VC10\GSLDLL\WIN32\RELEASE\INTEGRATION\QAG.OBJ
C:\GSL-1.14\BUILD.VC10\GSLDLL\WIN32\RELEASE\INTEGRATION\QAGP.OBJ
C:\GSL-1.14\BUILD.VC10\GSLDLL\WIN32\RELEASE\INTEGRATION\QAGS.OBJ
C:\GSL-1.14\BUILD.VC10\GSLDLL\WIN32\RELEASE\INTEGRATION\QAWC.OBJ
C:\GSL-1.14\BUILD.VC10\GSLDLL\WIN32\RELEASE\INTEGRATION\QAWF.OBJ
C:\GSL-1.14\BUILD.VC10\GSLDLL\WIN32\RELEASE\INTEGRATION\QAWO.OBJ
C:\GSL-1.14\BUILD.VC10\GSLDLL\WIN32\RELEASE\INTEGRATION\QAWS.OBJ
C:\GSL-1.14\BUILD.VC10\GSLDLL\WIN32\RELEASE\INTEGRATION\QCHEB.OBJ
C:\GSL-1.14\BUILD.VC10\GSLDLL\WIN32\RELEASE\INTEGRATION\QK.OBJ
C:\GSL-1.14\BUILD.VC10\GSLDLL\WIN32\RELEASE\INTEGRATION\QK15.OBJ
C:\GSL-1.14\BUILD.VC10\GSLDLL\WIN32\RELEASE\INTEGRATION\QK21.OBJ
C:\GSL-1.14\BUILD.VC10\GSLDLL\WIN32\RELEASE\INTEGRATION\QK31.OBJ
C:\GSL-1.14\BUILD.VC10\GSLDLL\WIN32\RELEASE\INTEGRATION\QK41.OBJ
C:\GSL-1.14\BUILD.VC10\GSLDLL\WIN32\RELEASE\INTEGRATION\QK51.OBJ
C:\GSL-1.14\BUILD.VC10\GSLDLL\WIN32\RELEASE\INTEGRATION\QK61.OBJ
C:\GSL-1.14\BUILD.VC10\GSLDLL\WIN32\RELEASE\INTEGRATION\QMOMO.OBJ
C:\GSL-1.14\BUILD.VC10\GSLDLL\WIN32\RELEASE\INTEGRATION\QMOMOF.OBJ
C:\GSL-1.14\BUILD.VC10\GSLDLL\WIN32\RELEASE\INTEGRATION\QNG.OBJ
C:\GSL-1.14\BUILD.VC10\GSLDLL\WIN32\RELEASE\INTEGRATION\WORKSPACE.OBJ
C:\GSL-1.14\BUILD.VC10\GSLDLL\WIN32\RELEASE\INTERPOLATION\ACCEL.OBJ
C:\GSL-1.14\BUILD.VC10\GSLDLL\WIN32\RELEASE\INTERPOLATION\AKIMA.OBJ
C:\GSL-1.14\BUILD.VC10\GSLDLL\WIN32\RELEASE\INTERPOLATION\CSPLINE.OBJ
C:\GSL-1.14\BUILD.VC10\GSLDLL\WIN32\RELEASE\INTERPOLATION\INTERP.OBJ
C:\GSL-1.14\BUILD.VC10\GSLDLL\WIN32\RELEASE\INTERPOLATION\LINEAR.OBJ
C:\GSL-1.14\BUILD.VC10\GSLDLL\WIN32\RELEASE\INTERPOLATION\POLY.OBJ
C:\GSL-1.14\BUILD.VC10\GSLDLL\WIN32\RELEASE\INTERPOLATION\SPLINE.OBJ
C:\GSL-1.14\BUILD.VC10\GSLDLL\WIN32\RELEASE\LINALG\BALANCE.OBJ
C:\GSL-1.14\BUILD.VC10\GSLDLL\WIN32\RELEASE\LINALG\BALANCEMAT.OBJ
C:\GSL-1.14\BUILD.VC10\GSLDLL\WIN32\RELEASE\LINALG\BIDIAG.OBJ
C:\GSL-1.14\BUILD.VC10\GSLDLL\WIN32\RELEASE\LINALG\CHOLESKY.OBJ
C:\GSL-1.14\BUILD.VC10\GSLDLL\WIN32\RELEASE\LINALG\CHOLESKYC.OBJ
C:\GSL-1.14\BUILD.VC10\GSLDLL\WIN32\RELEASE\LINALG\EXPONENTIAL.OBJ
C:\GSL-1.14\BUILD.VC10\GSLDLL\WIN32\RELEASE\LINALG\HERMTD.OBJ
C:\GSL-1.14\BUILD.VC10\GSLDLL\WIN32\RELEASE\LINALG\HESSENBERG.OBJ
C:\GSL-1.14\BUILD.VC10\GSLDLL\WIN32\RELEASE\LINALG\HESSTRI.OBJ
C:\GSL-1.14\BUILD.VC10\GSLDLL\WIN32\RELEASE\LINALG\HH.OBJ
C:\GSL-1.14\BUILD.VC10\GSLDLL\WIN32\RELEASE\LINALG\HOUSEHOLDER.OBJ
C:\GSL-1.14\BUILD.VC10\GSLDLL\WIN32\RELEASE\LINALG\HOUSEHOLDERCOMPLEX.OBJ
C:\GSL-1.14\BUILD.VC10\GSLDLL\WIN32\RELEASE\LINALG\LQ.OBJ
C:\GSL-1.14\BUILD.VC10\GSLDLL\WIN32\RELEASE\LINALG\LU.OBJ
C:\GSL-1.14\BUILD.VC10\GSLDLL\WIN32\RELEASE\LINALG\LUC.OBJ
C:\GSL-1.14\BUILD.VC10\GSLDLL\WIN32\RELEASE\LINALG\MULTIPLY.OBJ
C:\GSL-1.14\BUILD.VC10\GSLDLL\WIN32\RELEASE\LINALG\PTLQ.OBJ
C:\GSL-1.14\BUILD.VC10\GSLDLL\WIN32\RELEASE\LINALG\QR.OBJ
C:\GSL-1.14\BUILD.VC10\GSLDLL\WIN32\RELEASE\LINALG\QRPT.OBJ
C:\GSL-1.14\BUILD.VC10\GSLDLL\WIN32\RELEASE\LINALG\SVD.OBJ
C:\GSL-1.14\BUILD.VC10\GSLDLL\WIN32\RELEASE\LINALG\SYMMTD.OBJ
C:\GSL-1.14\BUILD.VC10\GSLDLL\WIN32\RELEASE\LINALG\TRIDIAG.OBJ
C:\gsl-1.14\build.vc10\gsldll\Win32\Release\link.command.1.tlog
C:\gsl-1.14\build.vc10\gsldll\Win32\Release\link.read.1.tlog
C:\gsl-1.14\build.vc10\gsldll\Win32\Release\link.write.1.tlog
C:\GSL-1.14\BUILD.VC10\GSLDLL\WIN32\RELEASE\MATRIX\COPY.OBJ
C:\GSL-1.14\BUILD.VC10\GSLDLL\WIN32\RELEASE\MATRIX\FILE.OBJ
C:\GSL-1.14\BUILD.VC10\GSLDLL\WIN32\RELEASE\MATRIX\GETSET.OBJ
C:\GSL-1.14\BUILD.VC10\GSLDLL\WIN32\RELEASE\MATRIX\INIT.OBJ
C:\GSL-1.14\BUILD.VC10\GSLDLL\WIN32\RELEASE\MATRIX\MATRIX.OBJ
C:\GSL-1.14\BUILD.VC10\GSLDLL\WIN32\RELEASE\MATRIX\MINMAX.OBJ
C:\GSL-1.14\BUILD.VC10\GSLDLL\WIN32\RELEASE\MATRIX\OPER.OBJ
C:\GSL-1.14\BUILD.VC10\GSLDLL\WIN32\RELEASE\MATRIX\PROP.OBJ
C:\GSL-1.14\BUILD.VC10\GSLDLL\WIN32\RELEASE\MATRIX\ROWCOL.OBJ
C:\GSL-1.14\BUILD.VC10\GSLDLL\WIN32\RELEASE\MATRIX\SUBMATRIX.OBJ
C:\GSL-1.14\BUILD.VC10\GSLDLL\WIN32\RELEASE\MATRIX\SWAP.OBJ
C:\GSL-1.14\BUILD.VC10\GSLDLL\WIN32\RELEASE\MATRIX\VIEW.OBJ
C:\GSL-1.14\BUILD.VC10\GSLDLL\WIN32\RELEASE\MIN\BRACKETING.OBJ
C:\GSL-1.14\BUILD.VC10\GSLDLL\WIN32\RELEASE\MIN\BRENT.OBJ
C:\GSL-1.14\BUILD.VC10\GSLDLL\WIN32\RELEASE\MIN\CONVERGENCE.OBJ
C:\GSL-1.14\BUILD.VC10\GSLDLL\WIN32\RELEASE\MIN\FSOLVER.OBJ
C:\GSL-1.14\BUILD.VC10\GSLDLL\WIN32\RELEASE\MIN\GOLDEN.OBJ
C:\GSL-1.14\BUILD.VC10\GSLDLL\WIN32\RELEASE\MONTE\MISER.OBJ
C:\GSL-1.14\BUILD.VC10\GSLDLL\WIN32\RELEASE\MONTE\PLAIN.OBJ
C:\GSL-1.14\BUILD.VC10\GSLDLL\WIN32\RELEASE\MONTE\VEGAS.OBJ
C:\gsl-1.14\build.vc10\gsldll\Win32\Release\mt.command.1.tlog
C:\gsl-1.14\build.vc10\gsldll\Win32\Release\mt.read.1.tlog
C:\gsl-1.14\build.vc10\gsldll\Win32\Release\mt.write.1.tlog
C:\GSL-1.14\BUILD.VC10\GSLDLL\WIN32\RELEASE\MULTIFIT\CONVERGENCE.OBJ
C:\GSL-1.14\BUILD.VC10\GSLDLL\WIN32\RELEASE\MULTIFIT\COVAR.OBJ
C:\GSL-1.14\BUILD.VC10\GSLDLL\WIN32\RELEASE\MULTIFIT\FDFSOLVER.OBJ
C:\GSL-1.14\BUILD.VC10\GSLDLL\WIN32\RELEASE\MULTIFIT\FSOLVER.OBJ
C:\GSL-1.14\BUILD.VC10\GSLDLL\WIN32\RELEASE\MULTIFIT\GRADIENT.OBJ
C:\GSL-1.14\BUILD.VC10\GSLDLL\WIN32\RELEASE\MULTIFIT\LMDER.OBJ
C:\GSL-1.14\BUILD.VC10\GSLDLL\WIN32\RELEASE\MULTIFIT\MULTILINEAR.OBJ
C:\GSL-1.14\BUILD.VC10\GSLDLL\WIN32\RELEASE\MULTIFIT\WORK.OBJ
C:\GSL-1.14\BUILD.VC10\GSLDLL\WIN32\RELEASE\MULTIMIN\CONJUGATE_FR.OBJ
C:\GSL-1.14\BUILD.VC10\GSLDLL\WIN32\RELEASE\MULTIMIN\CONJUGATE_PR.OBJ
C:\GSL-1.14\BUILD.VC10\GSLDLL\WIN32\RELEASE\MULTIMIN\CONVERGENCE.OBJ
C:\GSL-1.14\BUILD.VC10\GSLDLL\WIN32\RELEASE\MULTIMIN\DIFF.OBJ
C:\GSL-1.14\BUILD.VC10\GSLDLL\WIN32\RELEASE\MULTIMIN\FDFMINIMIZER.OBJ
C:\GSL-1.14\BUILD.VC10\GSLDLL\WIN32\RELEASE\MULTIMIN\FMINIMIZER.OBJ
C:\GSL-1.14\BUILD.VC10\GSLDLL\WIN32\RELEASE\MULTIMIN\SIMPLEX.OBJ
C:\GSL-1.14\BUILD.VC10\GSLDLL\WIN32\RELEASE\MULTIMIN\STEEPEST_DESCENT.OBJ
C:\GSL-1.14\BUILD.VC10\GSLDLL\WIN32\RELEASE\MULTIMIN\VECTOR_BFGS.OBJ
C:\GSL-1.14\BUILD.VC10\GSLDLL\WIN32\RELEASE\MULTIMIN\VECTOR_BFGS2.OBJ
C:\GSL-1.14\BUILD.VC10\GSLDLL\WIN32\RELEASE\MULTIROOT\BROYDEN.OBJ
C:\GSL-1.14\BUILD.VC10\GSLDLL\WIN32\RELEASE\MULTIROOT\CONVERGENCE.OBJ
C:\GSL-1.14\BUILD.VC10\GSLDLL\WIN32\RELEASE\MULTIROOT\DNEWTON.OBJ
C:\GSL-1.14\BUILD.VC10\GSLDLL\WIN32\RELEASE\MULTIROOT\FDFSOLVER.OBJ
C:\GSL-1.14\BUILD.VC10\GSLDLL\WIN32\RELEASE\MULTIROOT\FDJAC.OBJ
C:\GSL-1.14\BUILD.VC10\GSLDLL\WIN32\RELEASE\MULTIROOT\FSOLVER.OBJ
C:\GSL-1.14\BUILD.VC10\GSLDLL\WIN32\RELEASE\MULTIROOT\GNEWTON.OBJ
C:\GSL-1.14\BUILD.VC10\GSLDLL\WIN32\RELEASE\MULTIROOT\HYBRID.OBJ
C:\GSL-1.14\BUILD.VC10\GSLDLL\WIN32\RELEASE\MULTIROOT\HYBRIDJ.OBJ
C:\GSL-1.14\BUILD.VC10\GSLDLL\WIN32\RELEASE\MULTIROOT\NEWTON.OBJ
C:\GSL-1.14\BUILD.VC10\GSLDLL\WIN32\RELEASE\MULTISET\FILE.OBJ
C:\GSL-1.14\BUILD.VC10\GSLDLL\WIN32\RELEASE\MULTISET\INIT.OBJ
C:\GSL-1.14\BUILD.VC10\GSLDLL\WIN32\RELEASE\MULTISET\MULTISET.OBJ
C:\GSL-1.14\BUILD.VC10\GSLDLL\WIN32\RELEASE\NTUPLE\NTUPLE.OBJ
C:\GSL-1.14\BUILD.VC10\GSLDLL\WIN32\RELEASE\ODE\BSIMP.OBJ
C:\GSL-1.14\BUILD.VC10\GSLDLL\WIN32\RELEASE\ODE\CONTROL.OBJ
C:\GSL-1.14\BUILD.VC10\GSLDLL\WIN32\RELEASE\ODE\CSCAL.OBJ
C:\GSL-1.14\BUILD.VC10\GSLDLL\WIN32\RELEASE\ODE\CSTD.OBJ
C:\GSL-1.14\BUILD.VC10\GSLDLL\WIN32\RELEASE\ODE\EVOLVE.OBJ
C:\GSL-1.14\BUILD.VC10\GSLDLL\WIN32\RELEASE\ODE\GEAR1.OBJ
C:\GSL-1.14\BUILD.VC10\GSLDLL\WIN32\RELEASE\ODE\GEAR2.OBJ
C:\GSL-1.14\BUILD.VC10\GSLDLL\WIN32\RELEASE\ODE\RK2.OBJ
C:\GSL-1.14\BUILD.VC10\GSLDLL\WIN32\RELEASE\ODE\RK2IMP.OBJ
C:\GSL-1.14\BUILD.VC10\GSLDLL\WIN32\RELEASE\ODE\RK2SIMP.OBJ
C:\GSL-1.14\BUILD.VC10\GSLDLL\WIN32\RELEASE\ODE\RK4.OBJ
C:\GSL-1.14\BUILD.VC10\GSLDLL\WIN32\RELEASE\ODE\RK4IMP.OBJ
C:\GSL-1.14\BUILD.VC10\GSLDLL\WIN32\RELEASE\ODE\RK8PD.OBJ
C:\GSL-1.14\BUILD.VC10\GSLDLL\WIN32\RELEASE\ODE\RKCK.OBJ
C:\GSL-1.14\BUILD.VC10\GSLDLL\WIN32\RELEASE\ODE\RKF45.OBJ
C:\GSL-1.14\BUILD.VC10\GSLDLL\WIN32\RELEASE\ODE\STEP.OBJ
C:\GSL-1.14\BUILD.VC10\GSLDLL\WIN32\RELEASE\PERMUTATION\CANONICAL.OBJ
C:\GSL-1.14\BUILD.VC10\GSLDLL\WIN32\RELEASE\PERMUTATION\FILE.OBJ
C:\GSL-1.14\BUILD.VC10\GSLDLL\WIN32\RELEASE\PERMUTATION\INIT.OBJ
C:\GSL-1.14\BUILD.VC10\GSLDLL\WIN32\RELEASE\PERMUTATION\PERMUTATION.OBJ
C:\GSL-1.14\BUILD.VC10\GSLDLL\WIN32\RELEASE\PERMUTATION\PERMUTE.OBJ
C:\GSL-1.14\BUILD.VC10\GSLDLL\WIN32\RELEASE\POLY\DD.OBJ
C:\GSL-1.14\BUILD.VC10\GSLDLL\WIN32\RELEASE\POLY\EVAL.OBJ
C:\GSL-1.14\BUILD.VC10\GSLDLL\WIN32\RELEASE\POLY\SOLVE_CUBIC.OBJ
C:\GSL-1.14\BUILD.VC10\GSLDLL\WIN32\RELEASE\POLY\SOLVE_QUADRATIC.OBJ
C:\GSL-1.14\BUILD.VC10\GSLDLL\WIN32\RELEASE\POLY\ZSOLVE.OBJ
C:\GSL-1.14\BUILD.VC10\GSLDLL\WIN32\RELEASE\POLY\ZSOLVE_CUBIC.OBJ
C:\GSL-1.14\BUILD.VC10\GSLDLL\WIN32\RELEASE\POLY\ZSOLVE_INIT.OBJ
C:\GSL-1.14\BUILD.VC10\GSLDLL\WIN32\RELEASE\POLY\ZSOLVE_QUADRATIC.OBJ
C:\GSL-1.14\BUILD.VC10\GSLDLL\WIN32\RELEASE\QRNG\NIEDERREITER-2.OBJ
C:\GSL-1.14\BUILD.VC10\GSLDLL\WIN32\RELEASE\QRNG\QRNG.OBJ
C:\GSL-1.14\BUILD.VC10\GSLDLL\WIN32\RELEASE\QRNG\SOBOL.OBJ
C:\GSL-1.14\BUILD.VC10\GSLDLL\WIN32\RELEASE\QUAD_GOLDEN.OBJ
C:\GSL-1.14\BUILD.VC10\GSLDLL\WIN32\RELEASE\RANDIST\BERNOULLI.OBJ
C:\GSL-1.14\BUILD.VC10\GSLDLL\WIN32\RELEASE\RANDIST\BETA.OBJ
C:\GSL-1.14\BUILD.VC10\GSLDLL\WIN32\RELEASE\RANDIST\BIGAUSS.OBJ
C:\GSL-1.14\BUILD.VC10\GSLDLL\WIN32\RELEASE\RANDIST\BINOMIAL.OBJ
C:\GSL-1.14\BUILD.VC10\GSLDLL\WIN32\RELEASE\RANDIST\BINOMIAL_TPE.OBJ
C:\GSL-1.14\BUILD.VC10\GSLDLL\WIN32\RELEASE\RANDIST\CAUCHY.OBJ
C:\GSL-1.14\BUILD.VC10\GSLDLL\WIN32\RELEASE\RANDIST\CHISQ.OBJ
C:\GSL-1.14\BUILD.VC10\GSLDLL\WIN32\RELEASE\RANDIST\DIRICHLET.OBJ
C:\GSL-1.14\BUILD.VC10\GSLDLL\WIN32\RELEASE\RANDIST\DISCRETE.OBJ
C:\GSL-1.14\BUILD.VC10\GSLDLL\WIN32\RELEASE\RANDIST\ERLANG.OBJ
C:\GSL-1.14\BUILD.VC10\GSLDLL\WIN32\RELEASE\RANDIST\EXPONENTIAL.OBJ
C:\GSL-1.14\BUILD.VC10\GSLDLL\WIN32\RELEASE\RANDIST\EXPPOW.OBJ
C:\GSL-1.14\BUILD.VC10\GSLDLL\WIN32\RELEASE\RANDIST\FDIST.OBJ
C:\GSL-1.14\BUILD.VC10\GSLDLL\WIN32\RELEASE\RANDIST\FLAT.OBJ
C:\GSL-1.14\BUILD.VC10\GSLDLL\WIN32\RELEASE\RANDIST\GAMMA.OBJ
C:\GSL-1.14\BUILD.VC10\GSLDLL\WIN32\RELEASE\RANDIST\GAUSS.OBJ
C:\GSL-1.14\BUILD.VC10\GSLDLL\WIN32\RELEASE\RANDIST\GAUSSTAIL.OBJ
C:\GSL-1.14\BUILD.VC10\GSLDLL\WIN32\RELEASE\RANDIST\GAUSSZIG.OBJ
C:\GSL-1.14\BUILD.VC10\GSLDLL\WIN32\RELEASE\RANDIST\GEOMETRIC.OBJ
C:\GSL-1.14\BUILD.VC10\GSLDLL\WIN32\RELEASE\RANDIST\GUMBEL.OBJ
C:\GSL-1.14\BUILD.VC10\GSLDLL\WIN32\RELEASE\RANDIST\HYPERG.OBJ
C:\GSL-1.14\BUILD.VC10\GSLDLL\WIN32\RELEASE\RANDIST\LANDAU.OBJ
C:\GSL-1.14\BUILD.VC10\GSLDLL\WIN32\RELEASE\RANDIST\LAPLACE.OBJ
C:\GSL-1.14\BUILD.VC10\GSLDLL\WIN32\RELEASE\RANDIST\LEVY.OBJ
C:\GSL-1.14\BUILD.VC10\GSLDLL\WIN32\RELEASE\RANDIST\LOGARITHMIC.OBJ
C:\GSL-1.14\BUILD.VC10\GSLDLL\WIN32\RELEASE\RANDIST\LOGISTIC.OBJ
C:\GSL-1.14\BUILD.VC10\GSLDLL\WIN32\RELEASE\RANDIST\LOGNORMAL.OBJ
C:\GSL-1.14\BUILD.VC10\GSLDLL\WIN32\RELEASE\RANDIST\MULTINOMIAL.OBJ
C:\GSL-1.14\BUILD.VC10\GSLDLL\WIN32\RELEASE\RANDIST\NBINOMIAL.OBJ
C:\GSL-1.14\BUILD.VC10\GSLDLL\WIN32\RELEASE\RANDIST\PARETO.OBJ
C:\GSL-1.14\BUILD.VC10\GSLDLL\WIN32\RELEASE\RANDIST\PASCAL.OBJ
C:\GSL-1.14\BUILD.VC10\GSLDLL\WIN32\RELEASE\RANDIST\POISSON.OBJ
C:\GSL-1.14\BUILD.VC10\GSLDLL\WIN32\RELEASE\RANDIST\RAYLEIGH.OBJ
C:\GSL-1.14\BUILD.VC10\GSLDLL\WIN32\RELEASE\RANDIST\SHUFFLE.OBJ
C:\GSL-1.14\BUILD.VC10\GSLDLL\WIN32\RELEASE\RANDIST\SPHERE.OBJ
C:\GSL-1.14\BUILD.VC10\GSLDLL\WIN32\RELEASE\RANDIST\TDIST.OBJ
C:\GSL-1.14\BUILD.VC10\GSLDLL\WIN32\RELEASE\RANDIST\WEIBULL.OBJ
C:\GSL-1.14\BUILD.VC10\GSLDLL\WIN32\RELEASE\READ.OBJ
C:\GSL-1.14\BUILD.VC10\GSLDLL\WIN32\RELEASE\REVERSEHALTON.OBJ
C:\GSL-1.14\BUILD.VC10\GSLDLL\WIN32\RELEASE\RNG\BOROSH13.OBJ
C:\GSL-1.14\BUILD.VC10\GSLDLL\WIN32\RELEASE\RNG\CMRG.OBJ
C:\GSL-1.14\BUILD.VC10\GSLDLL\WIN32\RELEASE\RNG\COVEYOU.OBJ
C:\GSL-1.14\BUILD.VC10\GSLDLL\WIN32\RELEASE\RNG\DEFAULT.OBJ
C:\GSL-1.14\BUILD.VC10\GSLDLL\WIN32\RELEASE\RNG\FILE.OBJ
C:\GSL-1.14\BUILD.VC10\GSLDLL\WIN32\RELEASE\RNG\FISHMAN18.OBJ
C:\GSL-1.14\BUILD.VC10\GSLDLL\WIN32\RELEASE\RNG\FISHMAN20.OBJ
C:\GSL-1.14\BUILD.VC10\GSLDLL\WIN32\RELEASE\RNG\FISHMAN2X.OBJ
C:\GSL-1.14\BUILD.VC10\GSLDLL\WIN32\RELEASE\RNG\GFSR4.OBJ
C:\GSL-1.14\BUILD.VC10\GSLDLL\WIN32\RELEASE\RNG\KNUTHRAN.OBJ
C:\GSL-1.14\BUILD.VC10\GSLDLL\WIN32\RELEASE\RNG\KNUTHRAN2.OBJ
C:\GSL-1.14\BUILD.VC10\GSLDLL\WIN32\RELEASE\RNG\KNUTHRAN2002.OBJ
C:\GSL-1.14\BUILD.VC10\GSLDLL\WIN32\RELEASE\RNG\LECUYER21.OBJ
C:\GSL-1.14\BUILD.VC10\GSLDLL\WIN32\RELEASE\RNG\MINSTD.OBJ
C:\GSL-1.14\BUILD.VC10\GSLDLL\WIN32\RELEASE\RNG\MRG.OBJ
C:\GSL-1.14\BUILD.VC10\GSLDLL\WIN32\RELEASE\RNG\MT.OBJ
C:\GSL-1.14\BUILD.VC10\GSLDLL\WIN32\RELEASE\RNG\R250.OBJ
C:\GSL-1.14\BUILD.VC10\GSLDLL\WIN32\RELEASE\RNG\RAN0.OBJ
C:\GSL-1.14\BUILD.VC10\GSLDLL\WIN32\RELEASE\RNG\RAN1.OBJ
C:\GSL-1.14\BUILD.VC10\GSLDLL\WIN32\RELEASE\RNG\RAN2.OBJ
C:\GSL-1.14\BUILD.VC10\GSLDLL\WIN32\RELEASE\RNG\RAN3.OBJ
C:\GSL-1.14\BUILD.VC10\GSLDLL\WIN32\RELEASE\RNG\RAND.OBJ
C:\GSL-1.14\BUILD.VC10\GSLDLL\WIN32\RELEASE\RNG\RAND48.OBJ
C:\GSL-1.14\BUILD.VC10\GSLDLL\WIN32\RELEASE\RNG\RANDOM.OBJ
C:\GSL-1.14\BUILD.VC10\GSLDLL\WIN32\RELEASE\RNG\RANDU.OBJ
C:\GSL-1.14\BUILD.VC10\GSLDLL\WIN32\RELEASE\RNG\RANF.OBJ
C:\GSL-1.14\BUILD.VC10\GSLDLL\WIN32\RELEASE\RNG\RANLUX.OBJ
C:\GSL-1.14\BUILD.VC10\GSLDLL\WIN32\RELEASE\RNG\RANLXD.OBJ
C:\GSL-1.14\BUILD.VC10\GSLDLL\WIN32\RELEASE\RNG\RANLXS.OBJ
C:\GSL-1.14\BUILD.VC10\GSLDLL\WIN32\RELEASE\RNG\RANMAR.OBJ
C:\GSL-1.14\BUILD.VC10\GSLDLL\WIN32\RELEASE\RNG\RNG.OBJ
C:\GSL-1.14\BUILD.VC10\GSLDLL\WIN32\RELEASE\RNG\SLATEC.OBJ
C:\GSL-1.14\BUILD.VC10\GSLDLL\WIN32\RELEASE\RNG\TAUS.OBJ
C:\GSL-1.14\BUILD.VC10\GSLDLL\WIN32\RELEASE\RNG\TAUS113.OBJ
C:\GSL-1.14\BUILD.VC10\GSLDLL\WIN32\RELEASE\RNG\TRANSPUTER.OBJ
C:\GSL-1.14\BUILD.VC10\GSLDLL\WIN32\RELEASE\RNG\TT.OBJ
C:\GSL-1.14\BUILD.VC10\GSLDLL\WIN32\RELEASE\RNG\TYPES.OBJ
C:\GSL-1.14\BUILD.VC10\GSLDLL\WIN32\RELEASE\RNG\UNI.OBJ
C:\GSL-1.14\BUILD.VC10\GSLDLL\WIN32\RELEASE\RNG\UNI32.OBJ
C:\GSL-1.14\BUILD.VC10\GSLDLL\WIN32\RELEASE\RNG\VAX.OBJ
C:\GSL-1.14\BUILD.VC10\GSLDLL\WIN32\RELEASE\RNG\WATERMAN14.OBJ
C:\GSL-1.14\BUILD.VC10\GSLDLL\WIN32\RELEASE\RNG\ZUF.OBJ
C:\GSL-1.14\BUILD.VC10\GSLDLL\WIN32\RELEASE\ROOTS\BISECTION.OBJ
C:\GSL-1.14\BUILD.VC10\GSLDLL\WIN32\RELEASE\ROOTS\BRENT.OBJ
C:\GSL-1.14\BUILD.VC10\GSLDLL\WIN32\RELEASE\ROOTS\CONVERGENCE.OBJ
C:\GSL-1.14\BUILD.VC10\GSLDLL\WIN32\RELEASE\ROOTS\FALSEPOS.OBJ
C:\GSL-1.14\BUILD.VC10\GSLDLL\WIN32\RELEASE\ROOTS\FDFSOLVER.OBJ
C:\GSL-1.14\BUILD.VC10\GSLDLL\WIN32\RELEASE\ROOTS\FSOLVER.OBJ
C:\GSL-1.14\BUILD.VC10\GSLDLL\WIN32\RELEASE\ROOTS\NEWTON.OBJ
C:\GSL-1.14\BUILD.VC10\GSLDLL\WIN32\RELEASE\ROOTS\SECANT.OBJ
C:\GSL-1.14\BUILD.VC10\GSLDLL\WIN32\RELEASE\ROOTS\STEFFENSON.OBJ
C:\GSL-1.14\BUILD.VC10\GSLDLL\WIN32\RELEASE\SIMAN\SIMAN.OBJ
C:\GSL-1.14\BUILD.VC10\GSLDLL\WIN32\RELEASE\SIMPLEX2.OBJ
C:\GSL-1.14\BUILD.VC10\GSLDLL\WIN32\RELEASE\SORT\SORT.OBJ
C:\GSL-1.14\BUILD.VC10\GSLDLL\WIN32\RELEASE\SORT\SORTIND.OBJ
C:\GSL-1.14\BUILD.VC10\GSLDLL\WIN32\RELEASE\SORT\SORTVEC.OBJ
C:\GSL-1.14\BUILD.VC10\GSLDLL\WIN32\RELEASE\SORT\SORTVECIND.OBJ
C:\GSL-1.14\BUILD.VC10\GSLDLL\WIN32\RELEASE\SORT\SUBSET.OBJ
C:\GSL-1.14\BUILD.VC10\GSLDLL\WIN32\RELEASE\SORT\SUBSETIND.OBJ
C:\GSL-1.14\BUILD.VC10\GSLDLL\WIN32\RELEASE\SPECFUNC\AIRY.OBJ
C:\GSL-1.14\BUILD.VC10\GSLDLL\WIN32\RELEASE\SPECFUNC\AIRY_DER.OBJ
C:\GSL-1.14\BUILD.VC10\GSLDLL\WIN32\RELEASE\SPECFUNC\AIRY_ZERO.OBJ
C:\GSL-1.14\BUILD.VC10\GSLDLL\WIN32\RELEASE\SPECFUNC\ATANINT.OBJ
C:\GSL-1.14\BUILD.VC10\GSLDLL\WIN32\RELEASE\SPECFUNC\BESSEL.OBJ
C:\GSL-1.14\BUILD.VC10\GSLDLL\WIN32\RELEASE\SPECFUNC\BESSEL_AMP_PHASE.OBJ
C:\GSL-1.14\BUILD.VC10\GSLDLL\WIN32\RELEASE\SPECFUNC\BESSEL_I.OBJ
C:\GSL-1.14\BUILD.VC10\GSLDLL\WIN32\RELEASE\SPECFUNC\BESSEL_I0.OBJ
C:\GSL-1.14\BUILD.VC10\GSLDLL\WIN32\RELEASE\SPECFUNC\BESSEL_I1.OBJ
C:\GSL-1.14\BUILD.VC10\GSLDLL\WIN32\RELEASE\SPECFUNC\BESSEL_IN.OBJ
C:\GSL-1.14\BUILD.VC10\GSLDLL\WIN32\RELEASE\SPECFUNC\BESSEL_INU.OBJ
C:\GSL-1.14\BUILD.VC10\GSLDLL\WIN32\RELEASE\SPECFUNC\BESSEL_J.OBJ
C:\GSL-1.14\BUILD.VC10\GSLDLL\WIN32\RELEASE\SPECFUNC\BESSEL_J0.OBJ
C:\GSL-1.14\BUILD.VC10\GSLDLL\WIN32\RELEASE\SPECFUNC\BESSEL_J1.OBJ
C:\GSL-1.14\BUILD.VC10\GSLDLL\WIN32\RELEASE\SPECFUNC\BESSEL_JN.OBJ
C:\GSL-1.14\BUILD.VC10\GSLDLL\WIN32\RELEASE\SPECFUNC\BESSEL_JNU.OBJ
C:\GSL-1.14\BUILD.VC10\GSLDLL\WIN32\RELEASE\SPECFUNC\BESSEL_K.OBJ
C:\GSL-1.14\BUILD.VC10\GSLDLL\WIN32\RELEASE\SPECFUNC\BESSEL_K0.OBJ
C:\GSL-1.14\BUILD.VC10\GSLDLL\WIN32\RELEASE\SPECFUNC\BESSEL_K1.OBJ
C:\GSL-1.14\BUILD.VC10\GSLDLL\WIN32\RELEASE\SPECFUNC\BESSEL_KN.OBJ
C:\GSL-1.14\BUILD.VC10\GSLDLL\WIN32\RELEASE\SPECFUNC\BESSEL_KNU.OBJ
C:\GSL-1.14\BUILD.VC10\GSLDLL\WIN32\RELEASE\SPECFUNC\BESSEL_OLVER.OBJ
C:\GSL-1.14\BUILD.VC10\GSLDLL\WIN32\RELEASE\SPECFUNC\BESSEL_SEQUENCE.OBJ
C:\GSL-1.14\BUILD.VC10\GSLDLL\WIN32\RELEASE\SPECFUNC\BESSEL_TEMME.OBJ
C:\GSL-1.14\BUILD.VC10\GSLDLL\WIN32\RELEASE\SPECFUNC\BESSEL_Y.OBJ
C:\GSL-1.14\BUILD.VC10\GSLDLL\WIN32\RELEASE\SPECFUNC\BESSEL_Y0.OBJ
C:\GSL-1.14\BUILD.VC10\GSLDLL\WIN32\RELEASE\SPECFUNC\BESSEL_Y1.OBJ
C:\GSL-1.14\BUILD.VC10\GSLDLL\WIN32\RELEASE\SPECFUNC\BESSEL_YN.OBJ
C:\GSL-1.14\BUILD.VC10\GSLDLL\WIN32\RELEASE\SPECFUNC\BESSEL_YNU.OBJ
C:\GSL-1.14\BUILD.VC10\GSLDLL\WIN32\RELEASE\SPECFUNC\BESSEL_ZERO.OBJ
C:\GSL-1.14\BUILD.VC10\GSLDLL\WIN32\RELEASE\SPECFUNC\BETA.OBJ
C:\GSL-1.14\BUILD.VC10\GSLDLL\WIN32\RELEASE\SPECFUNC\BETA_INC.OBJ
C:\GSL-1.14\BUILD.VC10\GSLDLL\WIN32\RELEASE\SPECFUNC\CLAUSEN.OBJ
C:\GSL-1.14\BUILD.VC10\GSLDLL\WIN32\RELEASE\SPECFUNC\COULOMB.OBJ
C:\GSL-1.14\BUILD.VC10\GSLDLL\WIN32\RELEASE\SPECFUNC\COULOMB_BOUND.OBJ
C:\GSL-1.14\BUILD.VC10\GSLDLL\WIN32\RELEASE\SPECFUNC\COUPLING.OBJ
C:\GSL-1.14\BUILD.VC10\GSLDLL\WIN32\RELEASE\SPECFUNC\DAWSON.OBJ
C:\GSL-1.14\BUILD.VC10\GSLDLL\WIN32\RELEASE\SPECFUNC\DEBYE.OBJ
C:\GSL-1.14\BUILD.VC10\GSLDLL\WIN32\RELEASE\SPECFUNC\DILOG.OBJ
C:\GSL-1.14\BUILD.VC10\GSLDLL\WIN32\RELEASE\SPECFUNC\ELEMENTARY.OBJ
C:\GSL-1.14\BUILD.VC10\GSLDLL\WIN32\RELEASE\SPECFUNC\ELLINT.OBJ
C:\GSL-1.14\BUILD.VC10\GSLDLL\WIN32\RELEASE\SPECFUNC\ELLJAC.OBJ
C:\GSL-1.14\BUILD.VC10\GSLDLL\WIN32\RELEASE\SPECFUNC\ERFC.OBJ
C:\GSL-1.14\BUILD.VC10\GSLDLL\WIN32\RELEASE\SPECFUNC\EXP.OBJ
C:\GSL-1.14\BUILD.VC10\GSLDLL\WIN32\RELEASE\SPECFUNC\EXPINT.OBJ
C:\GSL-1.14\BUILD.VC10\GSLDLL\WIN32\RELEASE\SPECFUNC\EXPINT3.OBJ
C:\GSL-1.14\BUILD.VC10\GSLDLL\WIN32\RELEASE\SPECFUNC\FERMI_DIRAC.OBJ
C:\GSL-1.14\BUILD.VC10\GSLDLL\WIN32\RELEASE\SPECFUNC\GAMMA.OBJ
C:\GSL-1.14\BUILD.VC10\GSLDLL\WIN32\RELEASE\SPECFUNC\GAMMA_INC.OBJ
C:\GSL-1.14\BUILD.VC10\GSLDLL\WIN32\RELEASE\SPECFUNC\GEGENBAUER.OBJ
C:\GSL-1.14\BUILD.VC10\GSLDLL\WIN32\RELEASE\SPECFUNC\HYPERG.OBJ
C:\GSL-1.14\BUILD.VC10\GSLDLL\WIN32\RELEASE\SPECFUNC\HYPERG_0F1.OBJ
C:\GSL-1.14\BUILD.VC10\GSLDLL\WIN32\RELEASE\SPECFUNC\HYPERG_1F1.OBJ
C:\GSL-1.14\BUILD.VC10\GSLDLL\WIN32\RELEASE\SPECFUNC\HYPERG_2F0.OBJ
C:\GSL-1.14\BUILD.VC10\GSLDLL\WIN32\RELEASE\SPECFUNC\HYPERG_2F1.OBJ
C:\GSL-1.14\BUILD.VC10\GSLDLL\WIN32\RELEASE\SPECFUNC\HYPERG_U.OBJ
C:\GSL-1.14\BUILD.VC10\GSLDLL\WIN32\RELEASE\SPECFUNC\LAGUERRE.OBJ
C:\GSL-1.14\BUILD.VC10\GSLDLL\WIN32\RELEASE\SPECFUNC\LAMBERT.OBJ
C:\GSL-1.14\BUILD.VC10\GSLDLL\WIN32\RELEASE\SPECFUNC\LEGENDRE_CON.OBJ
C:\GSL-1.14\BUILD.VC10\GSLDLL\WIN32\RELEASE\SPECFUNC\LEGENDRE_H3D.OBJ
C:\GSL-1.14\BUILD.VC10\GSLDLL\WIN32\RELEASE\SPECFUNC\LEGENDRE_POLY.OBJ
C:\GSL-1.14\BUILD.VC10\GSLDLL\WIN32\RELEASE\SPECFUNC\LEGENDRE_QN.OBJ
C:\GSL-1.14\BUILD.VC10\GSLDLL\WIN32\RELEASE\SPECFUNC\LOG.OBJ
C:\GSL-1.14\BUILD.VC10\GSLDLL\WIN32\RELEASE\SPECFUNC\MATHIEU_ANGFUNC.OBJ
C:\GSL-1.14\BUILD.VC10\GSLDLL\WIN32\RELEASE\SPECFUNC\MATHIEU_CHARV.OBJ
C:\GSL-1.14\BUILD.VC10\GSLDLL\WIN32\RELEASE\SPECFUNC\MATHIEU_COEFF.OBJ
C:\GSL-1.14\BUILD.VC10\GSLDLL\WIN32\RELEASE\SPECFUNC\MATHIEU_RADFUNC.OBJ
C:\GSL-1.14\BUILD.VC10\GSLDLL\WIN32\RELEASE\SPECFUNC\MATHIEU_WORKSPACE.OBJ
C:\GSL-1.14\BUILD.VC10\GSLDLL\WIN32\RELEASE\SPECFUNC\POCH.OBJ
C:\GSL-1.14\BUILD.VC10\GSLDLL\WIN32\RELEASE\SPECFUNC\POW_INT.OBJ
C:\GSL-1.14\BUILD.VC10\GSLDLL\WIN32\RELEASE\SPECFUNC\PSI.OBJ
C:\GSL-1.14\BUILD.VC10\GSLDLL\WIN32\RELEASE\SPECFUNC\RESULT.OBJ
C:\GSL-1.14\BUILD.VC10\GSLDLL\WIN32\RELEASE\SPECFUNC\SHINT.OBJ
C:\GSL-1.14\BUILD.VC10\GSLDLL\WIN32\RELEASE\SPECFUNC\SININT.OBJ
C:\GSL-1.14\BUILD.VC10\GSLDLL\WIN32\RELEASE\SPECFUNC\SYNCHROTRON.OBJ
C:\GSL-1.14\BUILD.VC10\GSLDLL\WIN32\RELEASE\SPECFUNC\TRANSPORT.OBJ
C:\GSL-1.14\BUILD.VC10\GSLDLL\WIN32\RELEASE\SPECFUNC\TRIG.OBJ
C:\GSL-1.14\BUILD.VC10\GSLDLL\WIN32\RELEASE\SPECFUNC\ZETA.OBJ
C:\GSL-1.14\BUILD.VC10\GSLDLL\WIN32\RELEASE\STATISTICS\ABSDEV.OBJ
C:\GSL-1.14\BUILD.VC10\GSLDLL\WIN32\RELEASE\STATISTICS\COVARIANCE.OBJ
C:\GSL-1.14\BUILD.VC10\GSLDLL\WIN32\RELEASE\STATISTICS\KURTOSIS.OBJ
C:\GSL-1.14\BUILD.VC10\GSLDLL\WIN32\RELEASE\STATISTICS\LAG1.OBJ
C:\GSL-1.14\BUILD.VC10\GSLDLL\WIN32\RELEASE\STATISTICS\MEAN.OBJ
C:\GSL-1.14\BUILD.VC10\GSLDLL\WIN32\RELEASE\STATISTICS\MEDIAN.OBJ
C:\GSL-1.14\BUILD.VC10\GSLDLL\WIN32\RELEASE\STATISTICS\MINMAX.OBJ
C:\GSL-1.14\BUILD.VC10\GSLDLL\WIN32\RELEASE\STATISTICS\P_VARIANCE.OBJ
C:\GSL-1.14\BUILD.VC10\GSLDLL\WIN32\RELEASE\STATISTICS\QUANTILES.OBJ
C:\GSL-1.14\BUILD.VC10\GSLDLL\WIN32\RELEASE\STATISTICS\SKEW.OBJ
C:\GSL-1.14\BUILD.VC10\GSLDLL\WIN32\RELEASE\STATISTICS\TTEST.OBJ
C:\GSL-1.14\BUILD.VC10\GSLDLL\WIN32\RELEASE\STATISTICS\VARIANCE.OBJ
C:\GSL-1.14\BUILD.VC10\GSLDLL\WIN32\RELEASE\STATISTICS\WABSDEV.OBJ
C:\GSL-1.14\BUILD.VC10\GSLDLL\WIN32\RELEASE\STATISTICS\WKURTOSIS.OBJ
C:\GSL-1.14\BUILD.VC10\GSLDLL\WIN32\RELEASE\STATISTICS\WMEAN.OBJ
C:\GSL-1.14\BUILD.VC10\GSLDLL\WIN32\RELEASE\STATISTICS\WSKEW.OBJ
C:\GSL-1.14\BUILD.VC10\GSLDLL\WIN32\RELEASE\STATISTICS\WVARIANCE.OBJ
C:\GSL-1.14\BUILD.VC10\GSLDLL\WIN32\RELEASE\SUM\LEVIN_U.OBJ
C:\GSL-1.14\BUILD.VC10\GSLDLL\WIN32\RELEASE\SUM\LEVIN_UTRUNC.OBJ
C:\GSL-1.14\BUILD.VC10\GSLDLL\WIN32\RELEASE\SUM\WORK_U.OBJ
C:\GSL-1.14\BUILD.VC10\GSLDLL\WIN32\RELEASE\SUM\WORK_UTRUNC.OBJ
C:\GSL-1.14\BUILD.VC10\GSLDLL\WIN32\RELEASE\SYS\COERCE.OBJ
C:\GSL-1.14\BUILD.VC10\GSLDLL\WIN32\RELEASE\SYS\EXPM1.OBJ
C:\GSL-1.14\BUILD.VC10\GSLDLL\WIN32\RELEASE\SYS\FCMP.OBJ
C:\GSL-1.14\BUILD.VC10\GSLDLL\WIN32\RELEASE\SYS\FDIV.OBJ
C:\GSL-1.14\BUILD.VC10\GSLDLL\WIN32\RELEASE\SYS\HYPOT.OBJ
C:\GSL-1.14\BUILD.VC10\GSLDLL\WIN32\RELEASE\SYS\INFNAN.OBJ
C:\GSL-1.14\BUILD.VC10\GSLDLL\WIN32\RELEASE\SYS\INVHYP.OBJ
C:\GSL-1.14\BUILD.VC10\GSLDLL\WIN32\RELEASE\SYS\LDFREXP.OBJ
C:\GSL-1.14\BUILD.VC10\GSLDLL\WIN32\RELEASE\SYS\LOG1P.OBJ
C:\GSL-1.14\BUILD.VC10\GSLDLL\WIN32\RELEASE\SYS\MINMAX.OBJ
C:\GSL-1.14\BUILD.VC10\GSLDLL\WIN32\RELEASE\SYS\POW_INT.OBJ
C:\GSL-1.14\BUILD.VC10\GSLDLL\WIN32\RELEASE\SYS\PREC.OBJ
C:\GSL-1.14\BUILD.VC10\GSLDLL\WIN32\RELEASE\TEST\RESULTS.OBJ
C:\GSL-1.14\BUILD.VC10\GSLDLL\WIN32\RELEASE\UTILS\PLACEHOLDER.OBJ
C:\GSL-1.14\BUILD.VC10\GSLDLL\WIN32\RELEASE\VECTOR\COPY.OBJ
C:\GSL-1.14\BUILD.VC10\GSLDLL\WIN32\RELEASE\VECTOR\FILE.OBJ
C:\GSL-1.14\BUILD.VC10\GSLDLL\WIN32\RELEASE\VECTOR\INIT.OBJ
C:\GSL-1.14\BUILD.VC10\GSLDLL\WIN32\RELEASE\VECTOR\MINMAX.OBJ
C:\GSL-1.14\BUILD.VC10\GSLDLL\WIN32\RELEASE\VECTOR\OPER.OBJ
C:\GSL-1.14\BUILD.VC10\GSLDLL\WIN32\RELEASE\VECTOR\PROP.OBJ
C:\GSL-1.14\BUILD.VC10\GSLDLL\WIN32\RELEASE\VECTOR\REIM.OBJ
C:\GSL-1.14\BUILD.VC10\GSLDLL\WIN32\RELEASE\VECTOR\SUBVECTOR.OBJ
C:\GSL-1.14\BUILD.VC10\GSLDLL\WIN32\RELEASE\VECTOR\SWAP.OBJ
C:\GSL-1.14\BUILD.VC10\GSLDLL\WIN32\RELEASE\VECTOR\VECTOR.OBJ
C:\GSL-1.14\BUILD.VC10\GSLDLL\WIN32\RELEASE\VECTOR\VIEW.OBJ
C:\GSL-1.14\BUILD.VC10\GSLDLL\WIN32\RELEASE\WAVELET\BSPLINE.OBJ
C:\GSL-1.14\BUILD.VC10\GSLDLL\WIN32\RELEASE\WAVELET\DAUBECHIES.OBJ
C:\GSL-1.14\BUILD.VC10\GSLDLL\WIN32\RELEASE\WAVELET\DWT.OBJ
C:\GSL-1.14\BUILD.VC10\GSLDLL\WIN32\RELEASE\WAVELET\HAAR.OBJ
C:\GSL-1.14\BUILD.VC10\GSLDLL\WIN32\RELEASE\WAVELET\WAVELET.OBJ
