C:\GSL-1.14\BUILD.VC10\CBLASDLL\WIN32\DEBUG\CAXPY.OBJ
C:\GSL-1.14\BUILD.VC10\CBLASDLL\WIN32\DEBUG\CBLAS_D.DLL.INTERMEDIATE.MANIFEST
C:\gsl-1.14\build.vc10\cblasdll\Win32\Debug\cblasdll.write.1.tlog
C:\GSL-1.14\BUILD.VC10\CBLASDLL\WIN32\DEBUG\CCOPY.OBJ
C:\GSL-1.14\BUILD.VC10\CBLASDLL\WIN32\DEBUG\CDOTC_SUB.OBJ
C:\GSL-1.14\BUILD.VC10\CBLASDLL\WIN32\DEBUG\CDOTU_SUB.OBJ
C:\GSL-1.14\BUILD.VC10\CBLASDLL\WIN32\DEBUG\CGBMV.OBJ
C:\GSL-1.14\BUILD.VC10\CBLASDLL\WIN32\DEBUG\CGEMM.OBJ
C:\GSL-1.14\BUILD.VC10\CBLASDLL\WIN32\DEBUG\CGEMV.OBJ
C:\GSL-1.14\BUILD.VC10\CBLASDLL\WIN32\DEBUG\CGERC.OBJ
C:\GSL-1.14\BUILD.VC10\CBLASDLL\WIN32\DEBUG\CGERU.OBJ
C:\GSL-1.14\BUILD.VC10\CBLASDLL\WIN32\DEBUG\CHBMV.OBJ
C:\GSL-1.14\BUILD.VC10\CBLASDLL\WIN32\DEBUG\CHEMM.OBJ
C:\GSL-1.14\BUILD.VC10\CBLASDLL\WIN32\DEBUG\CHEMV.OBJ
C:\GSL-1.14\BUILD.VC10\CBLASDLL\WIN32\DEBUG\CHER.OBJ
C:\GSL-1.14\BUILD.VC10\CBLASDLL\WIN32\DEBUG\CHER2.OBJ
C:\GSL-1.14\BUILD.VC10\CBLASDLL\WIN32\DEBUG\CHER2K.OBJ
C:\GSL-1.14\BUILD.VC10\CBLASDLL\WIN32\DEBUG\CHERK.OBJ
C:\GSL-1.14\BUILD.VC10\CBLASDLL\WIN32\DEBUG\CHPMV.OBJ
C:\GSL-1.14\BUILD.VC10\CBLASDLL\WIN32\DEBUG\CHPR.OBJ
C:\GSL-1.14\BUILD.VC10\CBLASDLL\WIN32\DEBUG\CHPR2.OBJ
C:\gsl-1.14\build.vc10\cblasdll\Win32\Debug\cl.command.1.tlog
C:\gsl-1.14\build.vc10\cblasdll\Win32\Debug\CL.read.1.tlog
C:\gsl-1.14\build.vc10\cblasdll\Win32\Debug\CL.write.1.tlog
C:\GSL-1.14\BUILD.VC10\CBLASDLL\WIN32\DEBUG\CSCAL.OBJ
C:\GSL-1.14\BUILD.VC10\CBLASDLL\WIN32\DEBUG\CSSCAL.OBJ
C:\GSL-1.14\BUILD.VC10\CBLASDLL\WIN32\DEBUG\CSWAP.OBJ
C:\GSL-1.14\BUILD.VC10\CBLASDLL\WIN32\DEBUG\CSYMM.OBJ
C:\GSL-1.14\BUILD.VC10\CBLASDLL\WIN32\DEBUG\CSYR2K.OBJ
C:\GSL-1.14\BUILD.VC10\CBLASDLL\WIN32\DEBUG\CSYRK.OBJ
C:\GSL-1.14\BUILD.VC10\CBLASDLL\WIN32\DEBUG\CTBMV.OBJ
C:\GSL-1.14\BUILD.VC10\CBLASDLL\WIN32\DEBUG\CTBSV.OBJ
C:\GSL-1.14\BUILD.VC10\CBLASDLL\WIN32\DEBUG\CTPMV.OBJ
C:\GSL-1.14\BUILD.VC10\CBLASDLL\WIN32\DEBUG\CTPSV.OBJ
C:\GSL-1.14\BUILD.VC10\CBLASDLL\WIN32\DEBUG\CTRMM.OBJ
C:\GSL-1.14\BUILD.VC10\CBLASDLL\WIN32\DEBUG\CTRMV.OBJ
C:\GSL-1.14\BUILD.VC10\CBLASDLL\WIN32\DEBUG\CTRSM.OBJ
C:\GSL-1.14\BUILD.VC10\CBLASDLL\WIN32\DEBUG\CTRSV.OBJ
C:\GSL-1.14\BUILD.VC10\CBLASDLL\WIN32\DEBUG\DASUM.OBJ
C:\GSL-1.14\BUILD.VC10\CBLASDLL\WIN32\DEBUG\DAXPY.OBJ
C:\GSL-1.14\BUILD.VC10\CBLASDLL\WIN32\DEBUG\DCOPY.OBJ
C:\GSL-1.14\BUILD.VC10\CBLASDLL\WIN32\DEBUG\DDOT.OBJ
C:\GSL-1.14\BUILD.VC10\CBLASDLL\WIN32\DEBUG\DGBMV.OBJ
C:\GSL-1.14\BUILD.VC10\CBLASDLL\WIN32\DEBUG\DGEMM.OBJ
C:\GSL-1.14\BUILD.VC10\CBLASDLL\WIN32\DEBUG\DGEMV.OBJ
C:\GSL-1.14\BUILD.VC10\CBLASDLL\WIN32\DEBUG\DGER.OBJ
C:\GSL-1.14\BUILD.VC10\CBLASDLL\WIN32\DEBUG\DNRM2.OBJ
C:\GSL-1.14\BUILD.VC10\CBLASDLL\WIN32\DEBUG\DROT.OBJ
C:\GSL-1.14\BUILD.VC10\CBLASDLL\WIN32\DEBUG\DROTG.OBJ
C:\GSL-1.14\BUILD.VC10\CBLASDLL\WIN32\DEBUG\DROTM.OBJ
C:\GSL-1.14\BUILD.VC10\CBLASDLL\WIN32\DEBUG\DROTMG.OBJ
C:\GSL-1.14\BUILD.VC10\CBLASDLL\WIN32\DEBUG\DSBMV.OBJ
C:\GSL-1.14\BUILD.VC10\CBLASDLL\WIN32\DEBUG\DSCAL.OBJ
C:\GSL-1.14\BUILD.VC10\CBLASDLL\WIN32\DEBUG\DSDOT.OBJ
C:\GSL-1.14\BUILD.VC10\CBLASDLL\WIN32\DEBUG\DSPMV.OBJ
C:\GSL-1.14\BUILD.VC10\CBLASDLL\WIN32\DEBUG\DSPR.OBJ
C:\GSL-1.14\BUILD.VC10\CBLASDLL\WIN32\DEBUG\DSPR2.OBJ
C:\GSL-1.14\BUILD.VC10\CBLASDLL\WIN32\DEBUG\DSWAP.OBJ
C:\GSL-1.14\BUILD.VC10\CBLASDLL\WIN32\DEBUG\DSYMM.OBJ
C:\GSL-1.14\BUILD.VC10\CBLASDLL\WIN32\DEBUG\DSYMV.OBJ
C:\GSL-1.14\BUILD.VC10\CBLASDLL\WIN32\DEBUG\DSYR.OBJ
C:\GSL-1.14\BUILD.VC10\CBLASDLL\WIN32\DEBUG\DSYR2.OBJ
C:\GSL-1.14\BUILD.VC10\CBLASDLL\WIN32\DEBUG\DSYR2K.OBJ
C:\GSL-1.14\BUILD.VC10\CBLASDLL\WIN32\DEBUG\DSYRK.OBJ
C:\GSL-1.14\BUILD.VC10\CBLASDLL\WIN32\DEBUG\DTBMV.OBJ
C:\GSL-1.14\BUILD.VC10\CBLASDLL\WIN32\DEBUG\DTBSV.OBJ
C:\GSL-1.14\BUILD.VC10\CBLASDLL\WIN32\DEBUG\DTPMV.OBJ
C:\GSL-1.14\BUILD.VC10\CBLASDLL\WIN32\DEBUG\DTPSV.OBJ
C:\GSL-1.14\BUILD.VC10\CBLASDLL\WIN32\DEBUG\DTRMM.OBJ
C:\GSL-1.14\BUILD.VC10\CBLASDLL\WIN32\DEBUG\DTRMV.OBJ
C:\GSL-1.14\BUILD.VC10\CBLASDLL\WIN32\DEBUG\DTRSM.OBJ
C:\GSL-1.14\BUILD.VC10\CBLASDLL\WIN32\DEBUG\DTRSV.OBJ
C:\GSL-1.14\BUILD.VC10\CBLASDLL\WIN32\DEBUG\DZASUM.OBJ
C:\GSL-1.14\BUILD.VC10\CBLASDLL\WIN32\DEBUG\DZNRM2.OBJ
C:\GSL-1.14\BUILD.VC10\CBLASDLL\WIN32\DEBUG\ICAMAX.OBJ
C:\GSL-1.14\BUILD.VC10\CBLASDLL\WIN32\DEBUG\IDAMAX.OBJ
C:\GSL-1.14\BUILD.VC10\CBLASDLL\WIN32\DEBUG\ISAMAX.OBJ
C:\GSL-1.14\BUILD.VC10\CBLASDLL\WIN32\DEBUG\IZAMAX.OBJ
C:\gsl-1.14\build.vc10\cblasdll\Win32\Debug\link.command.1.tlog
C:\gsl-1.14\build.vc10\cblasdll\Win32\Debug\link.read.1.tlog
C:\gsl-1.14\build.vc10\cblasdll\Win32\Debug\link.write.1.tlog
C:\gsl-1.14\build.vc10\cblasdll\Win32\Debug\mt.command.1.tlog
C:\gsl-1.14\build.vc10\cblasdll\Win32\Debug\mt.read.1.tlog
C:\gsl-1.14\build.vc10\cblasdll\Win32\Debug\mt.write.1.tlog
C:\GSL-1.14\BUILD.VC10\CBLASDLL\WIN32\DEBUG\SASUM.OBJ
C:\GSL-1.14\BUILD.VC10\CBLASDLL\WIN32\DEBUG\SAXPY.OBJ
C:\GSL-1.14\BUILD.VC10\CBLASDLL\WIN32\DEBUG\SCASUM.OBJ
C:\GSL-1.14\BUILD.VC10\CBLASDLL\WIN32\DEBUG\SCNRM2.OBJ
C:\GSL-1.14\BUILD.VC10\CBLASDLL\WIN32\DEBUG\SCOPY.OBJ
C:\GSL-1.14\BUILD.VC10\CBLASDLL\WIN32\DEBUG\SDOT.OBJ
C:\GSL-1.14\BUILD.VC10\CBLASDLL\WIN32\DEBUG\SDSDOT.OBJ
C:\GSL-1.14\BUILD.VC10\CBLASDLL\WIN32\DEBUG\SGBMV.OBJ
C:\GSL-1.14\BUILD.VC10\CBLASDLL\WIN32\DEBUG\SGEMM.OBJ
C:\GSL-1.14\BUILD.VC10\CBLASDLL\WIN32\DEBUG\SGEMV.OBJ
C:\GSL-1.14\BUILD.VC10\CBLASDLL\WIN32\DEBUG\SGER.OBJ
C:\GSL-1.14\BUILD.VC10\CBLASDLL\WIN32\DEBUG\SNRM2.OBJ
C:\GSL-1.14\BUILD.VC10\CBLASDLL\WIN32\DEBUG\SROT.OBJ
C:\GSL-1.14\BUILD.VC10\CBLASDLL\WIN32\DEBUG\SROTG.OBJ
C:\GSL-1.14\BUILD.VC10\CBLASDLL\WIN32\DEBUG\SROTM.OBJ
C:\GSL-1.14\BUILD.VC10\CBLASDLL\WIN32\DEBUG\SROTMG.OBJ
C:\GSL-1.14\BUILD.VC10\CBLASDLL\WIN32\DEBUG\SSBMV.OBJ
C:\GSL-1.14\BUILD.VC10\CBLASDLL\WIN32\DEBUG\SSCAL.OBJ
C:\GSL-1.14\BUILD.VC10\CBLASDLL\WIN32\DEBUG\SSPMV.OBJ
C:\GSL-1.14\BUILD.VC10\CBLASDLL\WIN32\DEBUG\SSPR.OBJ
C:\GSL-1.14\BUILD.VC10\CBLASDLL\WIN32\DEBUG\SSPR2.OBJ
C:\GSL-1.14\BUILD.VC10\CBLASDLL\WIN32\DEBUG\SSWAP.OBJ
C:\GSL-1.14\BUILD.VC10\CBLASDLL\WIN32\DEBUG\SSYMM.OBJ
C:\GSL-1.14\BUILD.VC10\CBLASDLL\WIN32\DEBUG\SSYMV.OBJ
C:\GSL-1.14\BUILD.VC10\CBLASDLL\WIN32\DEBUG\SSYR.OBJ
C:\GSL-1.14\BUILD.VC10\CBLASDLL\WIN32\DEBUG\SSYR2.OBJ
C:\GSL-1.14\BUILD.VC10\CBLASDLL\WIN32\DEBUG\SSYR2K.OBJ
C:\GSL-1.14\BUILD.VC10\CBLASDLL\WIN32\DEBUG\SSYRK.OBJ
C:\GSL-1.14\BUILD.VC10\CBLASDLL\WIN32\DEBUG\STBMV.OBJ
C:\GSL-1.14\BUILD.VC10\CBLASDLL\WIN32\DEBUG\STBSV.OBJ
C:\GSL-1.14\BUILD.VC10\CBLASDLL\WIN32\DEBUG\STPMV.OBJ
C:\GSL-1.14\BUILD.VC10\CBLASDLL\WIN32\DEBUG\STPSV.OBJ
C:\GSL-1.14\BUILD.VC10\CBLASDLL\WIN32\DEBUG\STRMM.OBJ
C:\GSL-1.14\BUILD.VC10\CBLASDLL\WIN32\DEBUG\STRMV.OBJ
C:\GSL-1.14\BUILD.VC10\CBLASDLL\WIN32\DEBUG\STRSM.OBJ
C:\GSL-1.14\BUILD.VC10\CBLASDLL\WIN32\DEBUG\STRSV.OBJ
C:\GSL-1.14\BUILD.VC10\CBLASDLL\WIN32\DEBUG\XERBLA.OBJ
C:\GSL-1.14\BUILD.VC10\CBLASDLL\WIN32\DEBUG\ZAXPY.OBJ
C:\GSL-1.14\BUILD.VC10\CBLASDLL\WIN32\DEBUG\ZCOPY.OBJ
C:\GSL-1.14\BUILD.VC10\CBLASDLL\WIN32\DEBUG\ZDOTC_SUB.OBJ
C:\GSL-1.14\BUILD.VC10\CBLASDLL\WIN32\DEBUG\ZDOTU_SUB.OBJ
C:\GSL-1.14\BUILD.VC10\CBLASDLL\WIN32\DEBUG\ZDSCAL.OBJ
C:\GSL-1.14\BUILD.VC10\CBLASDLL\WIN32\DEBUG\ZGBMV.OBJ
C:\GSL-1.14\BUILD.VC10\CBLASDLL\WIN32\DEBUG\ZGEMM.OBJ
C:\GSL-1.14\BUILD.VC10\CBLASDLL\WIN32\DEBUG\ZGEMV.OBJ
C:\GSL-1.14\BUILD.VC10\CBLASDLL\WIN32\DEBUG\ZGERC.OBJ
C:\GSL-1.14\BUILD.VC10\CBLASDLL\WIN32\DEBUG\ZGERU.OBJ
C:\GSL-1.14\BUILD.VC10\CBLASDLL\WIN32\DEBUG\ZHBMV.OBJ
C:\GSL-1.14\BUILD.VC10\CBLASDLL\WIN32\DEBUG\ZHEMM.OBJ
C:\GSL-1.14\BUILD.VC10\CBLASDLL\WIN32\DEBUG\ZHEMV.OBJ
C:\GSL-1.14\BUILD.VC10\CBLASDLL\WIN32\DEBUG\ZHER.OBJ
C:\GSL-1.14\BUILD.VC10\CBLASDLL\WIN32\DEBUG\ZHER2.OBJ
C:\GSL-1.14\BUILD.VC10\CBLASDLL\WIN32\DEBUG\ZHER2K.OBJ
C:\GSL-1.14\BUILD.VC10\CBLASDLL\WIN32\DEBUG\ZHERK.OBJ
C:\GSL-1.14\BUILD.VC10\CBLASDLL\WIN32\DEBUG\ZHPMV.OBJ
C:\GSL-1.14\BUILD.VC10\CBLASDLL\WIN32\DEBUG\ZHPR.OBJ
C:\GSL-1.14\BUILD.VC10\CBLASDLL\WIN32\DEBUG\ZHPR2.OBJ
C:\GSL-1.14\BUILD.VC10\CBLASDLL\WIN32\DEBUG\ZSCAL.OBJ
C:\GSL-1.14\BUILD.VC10\CBLASDLL\WIN32\DEBUG\ZSWAP.OBJ
C:\GSL-1.14\BUILD.VC10\CBLASDLL\WIN32\DEBUG\ZSYMM.OBJ
C:\GSL-1.14\BUILD.VC10\CBLASDLL\WIN32\DEBUG\ZSYR2K.OBJ
C:\GSL-1.14\BUILD.VC10\CBLASDLL\WIN32\DEBUG\ZSYRK.OBJ
C:\GSL-1.14\BUILD.VC10\CBLASDLL\WIN32\DEBUG\ZTBMV.OBJ
C:\GSL-1.14\BUILD.VC10\CBLASDLL\WIN32\DEBUG\ZTBSV.OBJ
C:\GSL-1.14\BUILD.VC10\CBLASDLL\WIN32\DEBUG\ZTPMV.OBJ
C:\GSL-1.14\BUILD.VC10\CBLASDLL\WIN32\DEBUG\ZTPSV.OBJ
C:\GSL-1.14\BUILD.VC10\CBLASDLL\WIN32\DEBUG\ZTRMM.OBJ
C:\GSL-1.14\BUILD.VC10\CBLASDLL\WIN32\DEBUG\ZTRMV.OBJ
C:\GSL-1.14\BUILD.VC10\CBLASDLL\WIN32\DEBUG\ZTRSM.OBJ
C:\GSL-1.14\BUILD.VC10\CBLASDLL\WIN32\DEBUG\ZTRSV.OBJ
C:\GSL-1.14\BUILD.VC10\DLL\WIN32\DEBUG\CBLAS_D.DLL
C:\gsl-1.14\build.vc10\dll\Win32\Debug\cblas_d.exp
C:\gsl-1.14\build.vc10\dll\Win32\Debug\cblas_d.lib
C:\GSL-1.14\BUILD.VC10\DLL\WIN32\DEBUG\CBLAS_D.PDB
