C:\gsl-1.14\build.vc10\gslhdrs\Win32\Debug\cl.command.1.tlog
C:\gsl-1.14\build.vc10\gslhdrs\Win32\Debug\CL.read.1.tlog
C:\gsl-1.14\build.vc10\gslhdrs\Win32\Debug\CL.write.1.tlog
C:\GSL-1.14\BUILD.VC10\GSLHDRS\WIN32\DEBUG\GSLHDRS.EXE
C:\GSL-1.14\BUILD.VC10\GSLHDRS\WIN32\DEBUG\GSLHDRS.EXE.EMBED.MANIFEST
C:\GSL-1.14\BUILD.VC10\GSLHDRS\WIN32\DEBUG\GSLHDRS.EXE.EMBED.MANIFEST.RES
C:\GSL-1.14\BUILD.VC10\GSLHDRS\WIN32\DEBUG\GSLHDRS.EXE.INTERMEDIATE.MANIFEST
C:\GSL-1.14\BUILD.VC10\GSLHDRS\WIN32\DEBUG\GSLHDRS.ILK
C:\GSL-1.14\BUILD.VC10\GSLHDRS\WIN32\DEBUG\GSLHDRS.OBJ
C:\GSL-1.14\BUILD.VC10\GSLHDRS\WIN32\DEBUG\GSLHDRS.PDB
C:\gsl-1.14\build.vc10\gslhdrs\Win32\Debug\gslhdrs_manifest.rc
C:\gsl-1.14\build.vc10\gslhdrs\Win32\Debug\link.1816.read.1.tlog
C:\gsl-1.14\build.vc10\gslhdrs\Win32\Debug\link.1816.write.1.tlog
C:\gsl-1.14\build.vc10\gslhdrs\Win32\Debug\link.1816-cvtres.read.1.tlog
C:\gsl-1.14\build.vc10\gslhdrs\Win32\Debug\link.1816-cvtres.write.1.tlog
C:\gsl-1.14\build.vc10\gslhdrs\Win32\Debug\link.command.1.tlog
C:\gsl-1.14\build.vc10\gslhdrs\Win32\Debug\link.read.1.tlog
C:\gsl-1.14\build.vc10\gslhdrs\Win32\Debug\link.write.1.tlog
C:\gsl-1.14\build.vc10\gslhdrs\Win32\Debug\link-cvtres.read.1.tlog
C:\gsl-1.14\build.vc10\gslhdrs\Win32\Debug\link-cvtres.write.1.tlog
C:\gsl-1.14\build.vc10\gslhdrs\Win32\Debug\mt.command.1.tlog
C:\gsl-1.14\build.vc10\gslhdrs\Win32\Debug\mt.read.1.tlog
C:\gsl-1.14\build.vc10\gslhdrs\Win32\Debug\mt.write.1.tlog
C:\gsl-1.14\build.vc10\gslhdrs\Win32\Debug\rc.command.1.tlog
C:\gsl-1.14\build.vc10\gslhdrs\Win32\Debug\rc.read.1.tlog
C:\gsl-1.14\build.vc10\gslhdrs\Win32\Debug\rc.write.1.tlog
C:\gsl-1.14\build.vc10\gslhdrs\Win32\Debug\vc100.idb
C:\GSL-1.14\BUILD.VC10\GSLHDRS\WIN32\DEBUG\VC100.PDB
Win32\Debug\gslhdrs.ilk
Win32\Debug\gslhdrs.pdb
